Log file open, 11/18/20 19:09:15
LogInit: Display: Running engine for game: ActionRPG
LogPlatformFile: Not using cached read wrapper
LogTaskGraph: Started task graph with 5 named threads and 59 total threads with 3 sets of task threads.
LogStats: Stats thread started at 0.463961
LogD3D11RHI: Loaded GFSDK_Aftermath_Lib.x64.dll
LogICUInternationalization: ICU TimeZone Detection - Raw Offset: +8:00, Platform Override: ''
LogPluginManager: Mounting plugin Paper2D
LogPluginManager: Mounting plugin AISupport
LogPluginManager: Mounting plugin CameraShakePreviewer
LogPluginManager: Mounting plugin ActorLayerUtilities
LogPluginManager: Mounting plugin AnimationSharing
LogPluginManager: Mounting plugin CLionSourceCodeAccess
LogPluginManager: Mounting plugin CodeLiteSourceCodeAccess
LogPluginManager: Mounting plugin GitSourceControl
LogPluginManager: Mounting plugin KDevelopSourceCodeAccess
LogPluginManager: Mounting plugin NullSourceCodeAccess
LogPluginManager: Mounting plugin PerforceSourceControl
LogPluginManager: Mounting plugin PlasticSourceControl
LogPluginManager: Mounting plugin RiderSourceCodeAccess
LogPluginManager: Mounting plugin SubversionSourceControl
LogPluginManager: Mounting plugin VisualStudioCodeSourceCodeAccess
LogPluginManager: Mounting plugin VisualStudioSourceCodeAccess
LogPluginManager: Mounting plugin XCodeSourceCodeAccess
LogPluginManager: Mounting plugin AssetManagerEditor
LogPluginManager: Mounting plugin CurveEditorTools
LogPluginManager: Mounting plugin EditorScriptingUtilities
LogPluginManager: Mounting plugin GameplayTagsEditor
LogPluginManager: Mounting plugin GeometryMode
LogPluginManager: Mounting plugin MacGraphicsSwitching
LogPluginManager: Mounting plugin MaterialAnalyzer
LogPluginManager: Mounting plugin MobileLauncherProfileWizard
LogPluginManager: Mounting plugin PluginBrowser
LogPluginManager: Mounting plugin SpeedTreeImporter
LogPluginManager: Mounting plugin VariantManagerContent
LogPluginManager: Mounting plugin AutomationUtils
LogPluginManager: Mounting plugin BackChannel
LogPluginManager: Mounting plugin ChaosCloth
LogPluginManager: Mounting plugin ChaosClothEditor
LogPluginManager: Mounting plugin ChaosNiagara
LogPluginManager: Mounting plugin ChaosSolverPlugin
LogPluginManager: Mounting plugin GeometryProcessing
LogPluginManager: Mounting plugin PlatformCrypto
LogPluginManager: Mounting plugin ProxyLODPlugin
LogPluginManager: Mounting plugin SkeletalReduction
LogPluginManager: Mounting plugin Niagara
LogPluginManager: Mounting plugin MagicLeapPassableWorld
LogPluginManager: Mounting plugin MLSDK
LogPluginManager: Mounting plugin AndroidMedia
LogPluginManager: Mounting plugin AvfMedia
LogPluginManager: Mounting plugin ImgMedia
LogPluginManager: Mounting plugin MediaPlayerEditor
LogPluginManager: Mounting plugin WebMMedia
LogPluginManager: Mounting plugin MeshPainting
LogPluginManager: Mounting plugin TcpMessaging
LogPluginManager: Mounting plugin UdpMessaging
LogPluginManager: Mounting plugin ActorSequence
LogPluginManager: Mounting plugin LevelSequenceEditor
LogPluginManager: Mounting plugin MatineeToLevelSequence
LogPluginManager: Mounting plugin MovieRenderPipeline
LogPluginManager: Mounting plugin TemplateSequence
LogPluginManager: Mounting plugin NetcodeUnitTest
LogPluginManager: Mounting plugin NUTUnrealEngine4
LogPluginManager: Mounting plugin OnlineSubsystemGooglePlay
LogPluginManager: Mounting plugin OnlineSubsystemIOS
LogPluginManager: Mounting plugin OnlineSubsystem
LogPluginManager: Mounting plugin OnlineSubsystemNull
LogPluginManager: Mounting plugin OnlineSubsystemUtils
LogPluginManager: Mounting plugin LauncherChunkInstaller
LogPluginManager: Mounting plugin AndroidDeviceProfileSelector
LogPluginManager: Mounting plugin AndroidMoviePlayer
LogPluginManager: Mounting plugin AndroidPermission
LogPluginManager: Mounting plugin AppleImageUtils
LogPluginManager: Mounting plugin AppleMoviePlayer
LogPluginManager: Mounting plugin AssetTags
LogPluginManager: Mounting plugin EditableMesh
LogPluginManager: Mounting plugin ExampleDeviceProfileSelector
LogPluginManager: Mounting plugin GameplayAbilities
LogPluginManager: Mounting plugin GoogleCloudMessaging
LogPluginManager: Mounting plugin GooglePAD
LogPluginManager: Mounting plugin IOSDeviceProfileSelector
LogPluginManager: Mounting plugin LinuxDeviceProfileSelector
LogPluginManager: Mounting plugin MobilePatchingUtils
LogPluginManager: Mounting plugin PostSplashScreen
LogPluginManager: Mounting plugin SignificanceManager
LogPluginManager: Mounting plugin SoundFields
LogPluginManager: Mounting plugin Synthesis
LogPluginManager: Mounting plugin WebMMoviePlayer
LogPluginManager: Mounting plugin SlateRemote
LogPluginManager: Mounting plugin ScreenshotTools
LogPluginManager: Mounting plugin TargetSystem
LogInit: Using libcurl 7.55.1-DEV
LogInit:  - built for x86_64-pc-win32
LogInit:  - supports SSL with OpenSSL/1.1.1
LogInit:  - supports HTTP deflate (compression) using libz 1.2.8
LogInit:  - other features:
LogInit:      CURL_VERSION_SSL
LogInit:      CURL_VERSION_LIBZ
LogInit:      CURL_VERSION_IPV6
LogInit:      CURL_VERSION_ASYNCHDNS
LogInit:      CURL_VERSION_LARGEFILE
LogInit:      CURL_VERSION_IDN
LogInit:  CurlRequestOptions (configurable via config and command line):
LogInit:  - bVerifyPeer = true  - Libcurl will verify peer certificate
LogInit:  - bUseHttpProxy = false  - Libcurl will NOT use HTTP proxy
LogInit:  - bDontReuseConnections = false  - Libcurl will reuse connections
LogInit:  - MaxHostConnections = 16  - Libcurl will limit the number of connections to a host
LogInit:  - LocalHostAddr = Default
LogInit:  - BufferSize = 65536
LogOnline: OSS: Creating online subsystem instance for: NULL
LogInit: WinSock: version 1.1 (2.2), MaxSocks=32767, MaxUdp=65467
LogOnline: OSS: TryLoadSubsystemAndSetDefault: Loaded subsystem for module [NULL]
LogInit: Build: ++UE4+Release-4.25-CL-14469661
LogInit: Engine Version: 4.25.4-14469661+++UE4+Release-4.25
LogInit: Compatible Engine Version: 4.25.0-13144385+++UE4+Release-4.25
LogInit: Net CL: 13144385
LogInit: OS: Windows 10 (Release 1909) (), CPU: Intel(R) Core(TM) i9-10900K CPU @ 3.70GHz, GPU: NVIDIA GeForce GTX 1070
LogInit: Compiled (64-bit): Oct 11 2020 08:10:49
LogInit: Compiled with Visual C++: 19.24.28315.00
LogInit: Build Configuration: Development
LogInit: Branch Name: ++UE4+Release-4.25
LogInit: Command Line:  -skipcompile
LogInit: Base Directory: G:/UE_4.25/Engine/Binaries/Win64/
LogInit: Allocator: TBB
LogInit: Installed Engine Build: 1
LogDevObjectVersion: Number of dev versions registered: 26
LogDevObjectVersion:   Dev-Blueprints (B0D832E4-1F89-4F0D-ACCF-7EB736FD4AA2): 10
LogDevObjectVersion:   Dev-Build (E1C64328-A22C-4D53-A36C-8E866417BD8C): 0
LogDevObjectVersion:   Dev-Core (375EC13C-06E4-48FB-B500-84F0262A717E): 4
LogDevObjectVersion:   Dev-Editor (E4B068ED-F494-42E9-A231-DA0B2E46BB41): 38
LogDevObjectVersion:   Dev-Framework (CFFC743F-43B0-4480-9391-14DF171D2073): 37
LogDevObjectVersion:   Dev-Mobile (B02B49B5-BB20-44E9-A304-32B752E40360): 2
LogDevObjectVersion:   Dev-Networking (A4E4105C-59A1-49B5-A7C5-40C4547EDFEE): 0
LogDevObjectVersion:   Dev-Online (39C831C9-5AE6-47DC-9A44-9C173E1C8E7C): 0
LogDevObjectVersion:   Dev-Physics (78F01B33-EBEA-4F98-B9B4-84EACCB95AA2): 4
LogDevObjectVersion:   Dev-Platform (6631380F-2D4D-43E0-8009-CF276956A95A): 0
LogDevObjectVersion:   Dev-Rendering (12F88B9F-8875-4AFC-A67C-D90C383ABD29): 43
LogDevObjectVersion:   Dev-Sequencer (7B5AE74C-D270-4C10-A958-57980B212A5A): 12
LogDevObjectVersion:   Dev-VR (D7296918-1DD6-4BDD-9DE2-64A83CC13884): 3
LogDevObjectVersion:   Dev-LoadTimes (C2A15278-BFE7-4AFE-6C17-90FF531DF755): 1
LogDevObjectVersion:   Private-Geometry (6EACA3D4-40EC-4CC1-B786-8BED09428FC5): 3
LogDevObjectVersion:   Dev-AnimPhys (29E575DD-E0A3-4627-9D10-D276232CDCEA): 17
LogDevObjectVersion:   Dev-Anim (AF43A65D-7FD3-4947-9873-3E8ED9C1BB05): 7
LogDevObjectVersion:   Dev-ReflectionCapture (6B266CEC-1EC7-4B8F-A30B-E4D90942FC07): 1
LogDevObjectVersion:   Dev-Automation (0DF73D61-A23F-47EA-B727-89E90C41499A): 1
LogDevObjectVersion:   FortniteMain (601D1886-AC64-4F84-AA16-D3DE0DEAC7D6): 31
LogDevObjectVersion:   Dev-Enterprise (9DFFBCD6-494F-0158-E221-12823C92A888): 10
LogDevObjectVersion:   Dev-Niagara (F2AED0AC-9AFE-416F-8664-AA7FFA26D6FC): 1
LogDevObjectVersion:   Dev-Destruction (174F1F0B-B4C6-45A5-B13F-2EE8D0FB917D): 10
LogDevObjectVersion:   Dev-Physics-Ext (35F94A83-E258-406C-A318-09F59610247C): 37
LogDevObjectVersion:   Dev-PhysicsMaterial-Chaos (B68FC16E-8B1B-42E2-B453-215C058844FE): 1
LogDevObjectVersion:   Dev-CineCamera (B2E18506-4273-CFC2-A54E-F4BB758BBA07): 1
LogInit: Presizing for max 25165824 objects, including 0 objects not considered by GC, pre-allocating 0 bytes for permanent pool.
LogConfig: Applying CVar settings from Section [/Script/Engine.StreamingSettings] File [G:/UE425Projects/MyActionRPG/ARPGGame/Saved/Config/Windows/Engine.ini]
LogConfig: Setting CVar [[s.MinBulkDataSizeForAsyncLoading:131072]]
LogConfig: Setting CVar [[s.AsyncLoadingThreadEnabled:0]]
LogConfig: Setting CVar [[s.EventDrivenLoaderEnabled:1]]
LogConfig: Setting CVar [[s.WarnIfTimeLimitExceeded:0]]
LogConfig: Setting CVar [[s.TimeLimitExceededMultiplier:1.5]]
LogConfig: Setting CVar [[s.TimeLimitExceededMinTime:0.005]]
LogConfig: Setting CVar [[s.UseBackgroundLevelStreaming:1]]
LogConfig: Setting CVar [[s.PriorityAsyncLoadingExtraTime:15.0]]
LogConfig: Setting CVar [[s.LevelStreamingActorsUpdateTimeLimit:5.0]]
LogConfig: Setting CVar [[s.PriorityLevelStreamingActorsUpdateExtraTime:5.0]]
LogConfig: Setting CVar [[s.LevelStreamingComponentsRegistrationGranularity:10]]
LogConfig: Setting CVar [[s.UnregisterComponentsTimeLimit:1.0]]
LogConfig: Setting CVar [[s.LevelStreamingComponentsUnregistrationGranularity:5]]
LogConfig: Setting CVar [[s.FlushStreamingOnExit:1]]
LogInit: Object subsystem initialized
LogConfig: Setting CVar [[con.DebugEarlyDefault:1]]
LogConfig: Setting CVar [[r.setres:1280x720]]
[2020.11.18-11.09.15:535][  0]LogConfig: Setting CVar [[r.VSync:0]]
[2020.11.18-11.09.15:535][  0]LogConfig: Setting CVar [[r.RHICmdBypass:0]]
[2020.11.18-11.09.15:535][  0]LogConfig: Applying CVar settings from Section [/Script/Engine.RendererSettings] File [G:/UE425Projects/MyActionRPG/ARPGGame/Saved/Config/Windows/Engine.ini]
[2020.11.18-11.09.15:535][  0]LogConfig: Setting CVar [[r.GPUCrashDebugging:0]]
[2020.11.18-11.09.15:535][  0]LogConfig: Setting CVar [[r.Mobile.TonemapperFilm:1]]
[2020.11.18-11.09.15:535][  0]LogConfig: Setting CVar [[r.MobileHDR:1]]
[2020.11.18-11.09.15:535][  0]LogConfig: Setting CVar [[r.AllowOcclusionQueries:1]]
[2020.11.18-11.09.15:535][  0]LogConfig: Setting CVar [[r.MinScreenRadiusForLights:0.030000]]
[2020.11.18-11.09.15:535][  0]LogConfig: Setting CVar [[r.MinScreenRadiusForDepthPrepass:0.030000]]
[2020.11.18-11.09.15:535][  0]LogConfig: Setting CVar [[r.PrecomputedVisibilityWarning:0]]
[2020.11.18-11.09.15:535][  0]LogConfig: Setting CVar [[r.TextureStreaming:1]]
[2020.11.18-11.09.15:535][  0]LogConfig: Setting CVar [[Compat.UseDXT5NormalMaps:0]]
[2020.11.18-11.09.15:535][  0]LogConfig: Setting CVar [[r.AllowStaticLighting:1]]
[2020.11.18-11.09.15:535][  0]LogConfig: Setting CVar [[r.NormalMapsForStaticLighting:0]]
[2020.11.18-11.09.15:535][  0]LogConfig: Setting CVar [[r.GenerateMeshDistanceFields:0]]
[2020.11.18-11.09.15:535][  0]LogConfig: Setting CVar [[r.TessellationAdaptivePixelsPerTriangle:48.000000]]
[2020.11.18-11.09.15:535][  0]LogConfig: Setting CVar [[r.SeparateTranslucency:0]]
[2020.11.18-11.09.15:535][  0]LogConfig: Setting CVar [[r.TranslucentSortPolicy:0]]
[2020.11.18-11.09.15:535][  0]LogConfig: Setting CVar [[r.CustomDepth:1]]
[2020.11.18-11.09.15:535][  0]LogConfig: Setting CVar [[r.DefaultFeature.Bloom:1]]
[2020.11.18-11.09.15:535][  0]LogConfig: Setting CVar [[r.DefaultFeature.AmbientOcclusion:0]]
[2020.11.18-11.09.15:535][  0]LogConfig: Setting CVar [[r.DefaultFeature.AmbientOcclusionStaticFraction:1]]
[2020.11.18-11.09.15:535][  0]LogConfig: Setting CVar [[r.DefaultFeature.AutoExposure:0]]
[2020.11.18-11.09.15:535][  0]LogConfig: Setting CVar [[r.DefaultFeature.MotionBlur:0]]
[2020.11.18-11.09.15:535][  0]LogConfig: Setting CVar [[r.DefaultFeature.LensFlare:0]]
[2020.11.18-11.09.15:535][  0]LogConfig: Setting CVar [[r.DefaultFeature.AntiAliasing:2]]
[2020.11.18-11.09.15:535][  0]LogConfig: Setting CVar [[r.EarlyZPass:3]]
[2020.11.18-11.09.15:536][  0]LogConfig: Setting CVar [[r.DBuffer:0]]
[2020.11.18-11.09.15:536][  0]LogConfig: Setting CVar [[r.ClearSceneMethod:1]]
[2020.11.18-11.09.15:536][  0]LogConfig: Setting CVar [[r.WireframeCullThreshold:5.000000]]
[2020.11.18-11.09.15:536][  0]LogConfig: Setting CVar [[r.MobileMSAA:2]]
[2020.11.18-11.09.15:536][  0]LogConfig: Setting CVar [[r.ReflectionCaptureResolution:64]]
[2020.11.18-11.09.15:536][  0]LogConfig: Setting CVar [[r.Mobile.DisableVertexFog:0]]
[2020.11.18-11.09.15:536][  0]LogConfig: Setting CVar [[r.ReflectionEnvironmentLightmapMixBasedOnRoughness:0]]
[2020.11.18-11.09.15:536][  0]LogConfig: Setting CVar [[r.Mobile.UseLegacyShadingModel:0]]
[2020.11.18-11.09.15:536][  0]LogConfig: Setting CVar [[r.ShaderPipelineCache.Enabled:1]]
[2020.11.18-11.09.15:536][  0]LogConfig: Setting CVar [[r.Mobile.AllowDitheredLODTransition:1]]
[2020.11.18-11.09.15:536][  0]LogConfig: Applying CVar settings from Section [/Script/Engine.RendererOverrideSettings] File [G:/UE425Projects/MyActionRPG/ARPGGame/Saved/Config/Windows/Engine.ini]
[2020.11.18-11.09.15:536][  0]LogConfig: Applying CVar settings from Section [/Script/Engine.StreamingSettings] File [G:/UE425Projects/MyActionRPG/ARPGGame/Saved/Config/Windows/Engine.ini]
[2020.11.18-11.09.15:536][  0]LogConfig: Setting CVar [[s.MinBulkDataSizeForAsyncLoading:131072]]
[2020.11.18-11.09.15:536][  0]LogConfig: Setting CVar [[s.AsyncLoadingThreadEnabled:0]]
[2020.11.18-11.09.15:536][  0]LogConfig: Setting CVar [[s.EventDrivenLoaderEnabled:1]]
[2020.11.18-11.09.15:536][  0]LogConfig: Setting CVar [[s.WarnIfTimeLimitExceeded:0]]
[2020.11.18-11.09.15:536][  0]LogConfig: Setting CVar [[s.TimeLimitExceededMultiplier:1.5]]
[2020.11.18-11.09.15:536][  0]LogConfig: Setting CVar [[s.TimeLimitExceededMinTime:0.005]]
[2020.11.18-11.09.15:536][  0]LogConfig: Setting CVar [[s.UseBackgroundLevelStreaming:1]]
[2020.11.18-11.09.15:536][  0]LogConfig: Setting CVar [[s.PriorityAsyncLoadingExtraTime:15.0]]
[2020.11.18-11.09.15:536][  0]LogConfig: Setting CVar [[s.LevelStreamingActorsUpdateTimeLimit:5.0]]
[2020.11.18-11.09.15:536][  0]LogConfig: Setting CVar [[s.PriorityLevelStreamingActorsUpdateExtraTime:5.0]]
[2020.11.18-11.09.15:536][  0]LogConfig: Setting CVar [[s.LevelStreamingComponentsRegistrationGranularity:10]]
[2020.11.18-11.09.15:536][  0]LogConfig: Setting CVar [[s.UnregisterComponentsTimeLimit:1.0]]
[2020.11.18-11.09.15:536][  0]LogConfig: Setting CVar [[s.LevelStreamingComponentsUnregistrationGranularity:5]]
[2020.11.18-11.09.15:536][  0]LogConfig: Setting CVar [[s.FlushStreamingOnExit:1]]
[2020.11.18-11.09.15:536][  0]LogConfig: Applying CVar settings from Section [/Script/Engine.GarbageCollectionSettings] File [G:/UE425Projects/MyActionRPG/ARPGGame/Saved/Config/Windows/Engine.ini]
[2020.11.18-11.09.15:536][  0]LogConfig: Setting CVar [[gc.MaxObjectsNotConsideredByGC:1]]
[2020.11.18-11.09.15:536][  0]LogConfig: Setting CVar [[gc.SizeOfPermanentObjectPool:0]]
[2020.11.18-11.09.15:537][  0]LogConfig: Setting CVar [[gc.FlushStreamingOnGC:0]]
[2020.11.18-11.09.15:537][  0]LogConfig: Setting CVar [[gc.NumRetriesBeforeForcingGC:10]]
[2020.11.18-11.09.15:537][  0]LogConfig: Setting CVar [[gc.AllowParallelGC:1]]
[2020.11.18-11.09.15:537][  0]LogConfig: Setting CVar [[gc.TimeBetweenPurgingPendingKillObjects:61.1]]
[2020.11.18-11.09.15:537][  0]LogConfig: Setting CVar [[gc.MaxObjectsInEditor:25165824]]
[2020.11.18-11.09.15:537][  0]LogConfig: Setting CVar [[gc.IncrementalBeginDestroyEnabled:1]]
[2020.11.18-11.09.15:537][  0]LogConfig: Setting CVar [[gc.CreateGCClusters:1]]
[2020.11.18-11.09.15:537][  0]LogConfig: Setting CVar [[gc.MinGCClusterSize:5]]
[2020.11.18-11.09.15:537][  0]LogConfig: Setting CVar [[gc.ActorClusteringEnabled:0]]
[2020.11.18-11.09.15:537][  0]LogConfig: Setting CVar [[gc.BlueprintClusteringEnabled:0]]
[2020.11.18-11.09.15:537][  0]LogConfig: Setting CVar [[gc.UseDisregardForGCOnDedicatedServers:0]]
[2020.11.18-11.09.15:537][  0]LogConfig: Applying CVar settings from Section [/Script/Engine.NetworkSettings] File [G:/UE425Projects/MyActionRPG/ARPGGame/Saved/Config/Windows/Engine.ini]
[2020.11.18-11.09.15:537][  0]LogConfig: Applying CVar settings from Section [/Script/UnrealEd.CookerSettings] File [G:/UE425Projects/MyActionRPG/ARPGGame/Saved/Config/Windows/Engine.ini]
[2020.11.18-11.09.15:541][  0]LogConfig: Applying CVar settings from Section [ViewDistanceQuality@3] File [G:/UE425Projects/MyActionRPG/ARPGGame/Saved/Config/Windows/Scalability.ini]
[2020.11.18-11.09.15:541][  0]LogConfig: Setting CVar [[r.SkeletalMeshLODBias:0]]
[2020.11.18-11.09.15:541][  0]LogConfig: Setting CVar [[r.ViewDistanceScale:1.0]]
[2020.11.18-11.09.15:541][  0]LogConfig: Applying CVar settings from Section [AntiAliasingQuality@3] File [G:/UE425Projects/MyActionRPG/ARPGGame/Saved/Config/Windows/Scalability.ini]
[2020.11.18-11.09.15:541][  0]LogConfig: Setting CVar [[r.PostProcessAAQuality:4]]
[2020.11.18-11.09.15:541][  0]LogConfig: Applying CVar settings from Section [ShadowQuality@3] File [G:/UE425Projects/MyActionRPG/ARPGGame/Saved/Config/Windows/Scalability.ini]
[2020.11.18-11.09.15:541][  0]LogConfig: Setting CVar [[r.LightFunctionQuality:1]]
[2020.11.18-11.09.15:541][  0]LogConfig: Setting CVar [[r.ShadowQuality:5]]
[2020.11.18-11.09.15:541][  0]LogConfig: Setting CVar [[r.Shadow.CSM.MaxCascades:10]]
[2020.11.18-11.09.15:541][  0]LogConfig: Setting CVar [[r.Shadow.MaxResolution:2048]]
[2020.11.18-11.09.15:541][  0]LogConfig: Setting CVar [[r.Shadow.MaxCSMResolution:2048]]
[2020.11.18-11.09.15:541][  0]LogConfig: Setting CVar [[r.Shadow.RadiusThreshold:0.01]]
[2020.11.18-11.09.15:541][  0]LogConfig: Setting CVar [[r.Shadow.DistanceScale:1.0]]
[2020.11.18-11.09.15:542][  0]LogConfig: Setting CVar [[r.Shadow.CSM.TransitionScale:1.0]]
[2020.11.18-11.09.15:542][  0]LogConfig: Setting CVar [[r.Shadow.PreShadowResolutionFactor:1.0]]
[2020.11.18-11.09.15:542][  0]LogConfig: Setting CVar [[r.DistanceFieldShadowing:1]]
[2020.11.18-11.09.15:542][  0]LogConfig: Setting CVar [[r.DistanceFieldAO:1]]
[2020.11.18-11.09.15:542][  0]LogConfig: Setting CVar [[r.AOQuality:2]]
[2020.11.18-11.09.15:542][  0]LogConfig: Setting CVar [[r.VolumetricFog:1]]
[2020.11.18-11.09.15:542][  0]LogConfig: Setting CVar [[r.VolumetricFog.GridPixelSize:8]]
[2020.11.18-11.09.15:542][  0]LogConfig: Setting CVar [[r.VolumetricFog.GridSizeZ:128]]
[2020.11.18-11.09.15:542][  0]LogConfig: Setting CVar [[r.VolumetricFog.HistoryMissSupersampleCount:4]]
[2020.11.18-11.09.15:542][  0]LogConfig: Setting CVar [[r.LightMaxDrawDistanceScale:1]]
[2020.11.18-11.09.15:542][  0]LogConfig: Setting CVar [[r.CapsuleShadows:1]]
[2020.11.18-11.09.15:542][  0]LogConfig: Applying CVar settings from Section [PostProcessQuality@3] File [G:/UE425Projects/MyActionRPG/ARPGGame/Saved/Config/Windows/Scalability.ini]
[2020.11.18-11.09.15:542][  0]LogConfig: Setting CVar [[r.MotionBlurQuality:4]]
[2020.11.18-11.09.15:542][  0]LogConfig: Setting CVar [[r.AmbientOcclusionMipLevelFactor:0.4]]
[2020.11.18-11.09.15:542][  0]LogConfig: Setting CVar [[r.AmbientOcclusionMaxQuality:100]]
[2020.11.18-11.09.15:542][  0]LogConfig: Setting CVar [[r.AmbientOcclusionLevels:-1]]
[2020.11.18-11.09.15:542][  0]LogConfig: Setting CVar [[r.AmbientOcclusionRadiusScale:1.0]]
[2020.11.18-11.09.15:542][  0]LogConfig: Setting CVar [[r.DepthOfFieldQuality:2]]
[2020.11.18-11.09.15:542][  0]LogConfig: Setting CVar [[r.RenderTargetPoolMin:400]]
[2020.11.18-11.09.15:542][  0]LogConfig: Setting CVar [[r.LensFlareQuality:2]]
[2020.11.18-11.09.15:542][  0]LogConfig: Setting CVar [[r.SceneColorFringeQuality:1]]
[2020.11.18-11.09.15:542][  0]LogConfig: Setting CVar [[r.EyeAdaptationQuality:2]]
[2020.11.18-11.09.15:542][  0]LogConfig: Setting CVar [[r.BloomQuality:5]]
[2020.11.18-11.09.15:542][  0]LogConfig: Setting CVar [[r.FastBlurThreshold:100]]
[2020.11.18-11.09.15:542][  0]LogConfig: Setting CVar [[r.Upscale.Quality:3]]
[2020.11.18-11.09.15:542][  0]LogConfig: Setting CVar [[r.Tonemapper.GrainQuantization:1]]
[2020.11.18-11.09.15:542][  0]LogConfig: Setting CVar [[r.LightShaftQuality:1]]
[2020.11.18-11.09.15:542][  0]LogConfig: Setting CVar [[r.Filter.SizeScale:1]]
[2020.11.18-11.09.15:542][  0]LogConfig: Setting CVar [[r.Tonemapper.Quality:5]]
[2020.11.18-11.09.15:542][  0]LogConfig: Setting CVar [[r.DOF.Gather.AccumulatorQuality:1        ; higher gathering accumulator quality]]
[2020.11.18-11.09.15:542][  0]LogConfig: Setting CVar [[r.DOF.Gather.PostfilterMethod:1          ; Median3x3 postfilering method]]
[2020.11.18-11.09.15:543][  0]LogConfig: Setting CVar [[r.DOF.Gather.EnableBokehSettings:0       ; no bokeh simulation when gathering]]
[2020.11.18-11.09.15:543][  0]LogConfig: Setting CVar [[r.DOF.Gather.RingCount:4                 ; medium number of samples when gathering]]
[2020.11.18-11.09.15:543][  0]LogConfig: Setting CVar [[r.DOF.Scatter.ForegroundCompositing:1    ; additive foreground scattering]]
[2020.11.18-11.09.15:543][  0]LogConfig: Setting CVar [[r.DOF.Scatter.BackgroundCompositing:2    ; additive background scattering]]
[2020.11.18-11.09.15:543][  0]LogConfig: Setting CVar [[r.DOF.Scatter.EnableBokehSettings:1      ; bokeh simulation when scattering]]
[2020.11.18-11.09.15:543][  0]LogConfig: Setting CVar [[r.DOF.Scatter.MaxSpriteRatio:0.1         ; only a maximum of 10% of scattered bokeh]]
[2020.11.18-11.09.15:543][  0]LogConfig: Setting CVar [[r.DOF.Recombine.Quality:1                ; cheap slight out of focus]]
[2020.11.18-11.09.15:543][  0]LogConfig: Setting CVar [[r.DOF.Recombine.EnableBokehSettings:0    ; no bokeh simulation on slight out of focus]]
[2020.11.18-11.09.15:543][  0]LogConfig: Setting CVar [[r.DOF.TemporalAAQuality:1                ; more stable temporal accumulation]]
[2020.11.18-11.09.15:543][  0]LogConfig: Setting CVar [[r.DOF.Kernel.MaxForegroundRadius:0.025]]
[2020.11.18-11.09.15:543][  0]LogConfig: Setting CVar [[r.DOF.Kernel.MaxBackgroundRadius:0.025]]
[2020.11.18-11.09.15:543][  0]LogConfig: Applying CVar settings from Section [TextureQuality@3] File [G:/UE425Projects/MyActionRPG/ARPGGame/Saved/Config/Windows/Scalability.ini]
[2020.11.18-11.09.15:543][  0]LogConfig: Setting CVar [[r.Streaming.MipBias:0]]
[2020.11.18-11.09.15:543][  0]LogConfig: Setting CVar [[r.Streaming.AmortizeCPUToGPUCopy:0]]
[2020.11.18-11.09.15:543][  0]LogConfig: Setting CVar [[r.Streaming.MaxNumTexturesToStreamPerFrame:0]]
[2020.11.18-11.09.15:543][  0]LogConfig: Setting CVar [[r.Streaming.Boost:1]]
[2020.11.18-11.09.15:543][  0]LogConfig: Setting CVar [[r.MaxAnisotropy:8]]
[2020.11.18-11.09.15:543][  0]LogConfig: Setting CVar [[r.VT.MaxAnisotropy:8]]
[2020.11.18-11.09.15:543][  0]LogConfig: Setting CVar [[r.Streaming.LimitPoolSizeToVRAM:0]]
[2020.11.18-11.09.15:543][  0]LogConfig: Setting CVar [[r.Streaming.PoolSize:1000]]
[2020.11.18-11.09.15:543][  0]LogConfig: Setting CVar [[r.Streaming.MaxEffectiveScreenSize:0]]
[2020.11.18-11.09.15:543][  0]LogConfig: Applying CVar settings from Section [EffectsQuality@3] File [G:/UE425Projects/MyActionRPG/ARPGGame/Saved/Config/Windows/Scalability.ini]
[2020.11.18-11.09.15:543][  0]LogConfig: Setting CVar [[r.TranslucencyLightingVolumeDim:64]]
[2020.11.18-11.09.15:543][  0]LogConfig: Setting CVar [[r.RefractionQuality:2]]
[2020.11.18-11.09.15:543][  0]LogConfig: Setting CVar [[r.SSR.Quality:3]]
[2020.11.18-11.09.15:543][  0]LogConfig: Setting CVar [[r.SSR.HalfResSceneColor:0]]
[2020.11.18-11.09.15:543][  0]LogConfig: Setting CVar [[r.SceneColorFormat:4]]
[2020.11.18-11.09.15:543][  0]LogConfig: Setting CVar [[r.DetailMode:2]]
[2020.11.18-11.09.15:543][  0]LogConfig: Setting CVar [[r.TranslucencyVolumeBlur:1]]
[2020.11.18-11.09.15:543][  0]LogConfig: Setting CVar [[r.MaterialQualityLevel:1 ; High quality]]
[2020.11.18-11.09.15:543][  0]LogConfig: Setting CVar [[r.SSS.Scale:1]]
[2020.11.18-11.09.15:544][  0]LogConfig: Setting CVar [[r.SSS.SampleSet:2]]
[2020.11.18-11.09.15:544][  0]LogConfig: Setting CVar [[r.SSS.Quality:1]]
[2020.11.18-11.09.15:544][  0]LogConfig: Setting CVar [[r.SSS.HalfRes:0]]
[2020.11.18-11.09.15:544][  0]LogConfig: Setting CVar [[r.SSGI.Quality:3]]
[2020.11.18-11.09.15:544][  0]LogConfig: Setting CVar [[r.EmitterSpawnRateScale:1.0]]
[2020.11.18-11.09.15:544][  0]LogConfig: Setting CVar [[r.ParticleLightQuality:2]]
[2020.11.18-11.09.15:544][  0]LogConfig: Setting CVar [[r.SkyAtmosphere.AerialPerspectiveLUT.FastApplyOnOpaque:1 ; Always have FastSkyLUT 1 in this case to avoid wrong sky]]
[2020.11.18-11.09.15:544][  0]LogConfig: Setting CVar [[r.SkyAtmosphere.AerialPerspectiveLUT.SampleCountPerSlice:1]]
[2020.11.18-11.09.15:544][  0]LogConfig: Setting CVar [[r.SkyAtmosphere.AerialPerspectiveLUT.DepthResolution:16.0]]
[2020.11.18-11.09.15:544][  0]LogConfig: Setting CVar [[r.SkyAtmosphere.FastSkyLUT:1]]
[2020.11.18-11.09.15:544][  0]LogConfig: Setting CVar [[r.SkyAtmosphere.FastSkyLUT.SampleCountMin:4.0]]
[2020.11.18-11.09.15:544][  0]LogConfig: Setting CVar [[r.SkyAtmosphere.FastSkyLUT.SampleCountMax:32.0]]
[2020.11.18-11.09.15:544][  0]LogConfig: Setting CVar [[r.SkyAtmosphere.SampleCountMin:4.0]]
[2020.11.18-11.09.15:544][  0]LogConfig: Setting CVar [[r.SkyAtmosphere.SampleCountMax:32.0]]
[2020.11.18-11.09.15:544][  0]LogConfig: Setting CVar [[r.SkyAtmosphere.TransmittanceLUT.UseSmallFormat:0]]
[2020.11.18-11.09.15:544][  0]LogConfig: Setting CVar [[r.SkyAtmosphere.TransmittanceLUT.SampleCount:10.0]]
[2020.11.18-11.09.15:544][  0]LogConfig: Setting CVar [[r.SkyAtmosphere.MultiScatteringLUT.SampleCount:15.0]]
[2020.11.18-11.09.15:544][  0]LogConfig: Applying CVar settings from Section [FoliageQuality@3] File [G:/UE425Projects/MyActionRPG/ARPGGame/Saved/Config/Windows/Scalability.ini]
[2020.11.18-11.09.15:544][  0]LogConfig: Setting CVar [[foliage.DensityScale:1.0]]
[2020.11.18-11.09.15:544][  0]LogConfig: Setting CVar [[grass.DensityScale:1.0]]
[2020.11.18-11.09.15:544][  0]LogConfig: Applying CVar settings from Section [ShadingQuality@3] File [G:/UE425Projects/MyActionRPG/ARPGGame/Saved/Config/Windows/Scalability.ini]
[2020.11.18-11.09.15:544][  0]LogConfig: Setting CVar [[r.HairStrands.SkyLighting.SampleCount:16]]
[2020.11.18-11.09.15:544][  0]LogConfig: Setting CVar [[r.HairStrands.SkyLighting.JitterIntegration:0]]
[2020.11.18-11.09.15:544][  0]LogConfig: Setting CVar [[r.HairStrands.SkyAO.SampleCount:16]]
[2020.11.18-11.09.15:544][  0]LogConfig: Setting CVar [[r.HairStrands.DeepShadow.SuperSampling:0]]
[2020.11.18-11.09.15:544][  0]LogConfig: Setting CVar [[r.HairStrands.VisibilityPPLL:0]]
[2020.11.18-11.09.15:544][  0]LogConfig: Setting CVar [[r.HairStrands.RasterizationScale:0.5]]
[2020.11.18-11.09.15:544][  0]LogConfig: Setting CVar [[r.HairStrands.VelocityRasterizationScale:1]]
[2020.11.18-11.09.15:545][  0]LogInit: Selected Device Profile: [Windows]
[2020.11.18-11.09.15:545][  0]LogInit: Applying CVar settings loaded from the selected device profile: [Windows]
[2020.11.18-11.09.15:545][  0]LogHAL: Display: Platform has ~ 64 GB [68601143296 / 68719476736 / 64], which maps to Largest [LargestMinGB=32, LargerMinGB=12, DefaultMinGB=8, SmallerMinGB=6, SmallestMinGB=0)
[2020.11.18-11.09.15:545][  0]LogInit: Going up to parent DeviceProfile []
[2020.11.18-11.09.15:545][  0]LogConfig: Applying CVar settings from Section [ViewDistanceQuality@3] File [G:/UE425Projects/MyActionRPG/ARPGGame/Saved/Config/Windows/Scalability.ini]
[2020.11.18-11.09.15:545][  0]LogConfig: Setting CVar [[r.SkeletalMeshLODBias:0]]
[2020.11.18-11.09.15:545][  0]LogConfig: Setting CVar [[r.ViewDistanceScale:1.0]]
[2020.11.18-11.09.15:545][  0]LogConfig: Applying CVar settings from Section [AntiAliasingQuality@3] File [G:/UE425Projects/MyActionRPG/ARPGGame/Saved/Config/Windows/Scalability.ini]
[2020.11.18-11.09.15:545][  0]LogConfig: Setting CVar [[r.PostProcessAAQuality:4]]
[2020.11.18-11.09.15:545][  0]LogConfig: Applying CVar settings from Section [ShadowQuality@3] File [G:/UE425Projects/MyActionRPG/ARPGGame/Saved/Config/Windows/Scalability.ini]
[2020.11.18-11.09.15:545][  0]LogConfig: Setting CVar [[r.LightFunctionQuality:1]]
[2020.11.18-11.09.15:545][  0]LogConfig: Setting CVar [[r.ShadowQuality:5]]
[2020.11.18-11.09.15:545][  0]LogConfig: Setting CVar [[r.Shadow.CSM.MaxCascades:10]]
[2020.11.18-11.09.15:545][  0]LogConfig: Setting CVar [[r.Shadow.MaxResolution:2048]]
[2020.11.18-11.09.15:545][  0]LogConfig: Setting CVar [[r.Shadow.MaxCSMResolution:2048]]
[2020.11.18-11.09.15:545][  0]LogConfig: Setting CVar [[r.Shadow.RadiusThreshold:0.01]]
[2020.11.18-11.09.15:545][  0]LogConfig: Setting CVar [[r.Shadow.DistanceScale:1.0]]
[2020.11.18-11.09.15:545][  0]LogConfig: Setting CVar [[r.Shadow.CSM.TransitionScale:1.0]]
[2020.11.18-11.09.15:545][  0]LogConfig: Setting CVar [[r.Shadow.PreShadowResolutionFactor:1.0]]
[2020.11.18-11.09.15:545][  0]LogConfig: Setting CVar [[r.DistanceFieldShadowing:1]]
[2020.11.18-11.09.15:545][  0]LogConfig: Setting CVar [[r.DistanceFieldAO:1]]
[2020.11.18-11.09.15:545][  0]LogConfig: Setting CVar [[r.AOQuality:2]]
[2020.11.18-11.09.15:545][  0]LogConfig: Setting CVar [[r.VolumetricFog:1]]
[2020.11.18-11.09.15:545][  0]LogConfig: Setting CVar [[r.VolumetricFog.GridPixelSize:8]]
[2020.11.18-11.09.15:545][  0]LogConfig: Setting CVar [[r.VolumetricFog.GridSizeZ:128]]
[2020.11.18-11.09.15:545][  0]LogConfig: Setting CVar [[r.VolumetricFog.HistoryMissSupersampleCount:4]]
[2020.11.18-11.09.15:545][  0]LogConfig: Setting CVar [[r.LightMaxDrawDistanceScale:1]]
[2020.11.18-11.09.15:546][  0]LogConfig: Setting CVar [[r.CapsuleShadows:1]]
[2020.11.18-11.09.15:546][  0]LogConfig: Applying CVar settings from Section [PostProcessQuality@3] File [G:/UE425Projects/MyActionRPG/ARPGGame/Saved/Config/Windows/Scalability.ini]
[2020.11.18-11.09.15:546][  0]LogConfig: Setting CVar [[r.MotionBlurQuality:4]]
[2020.11.18-11.09.15:546][  0]LogConfig: Setting CVar [[r.AmbientOcclusionMipLevelFactor:0.4]]
[2020.11.18-11.09.15:546][  0]LogConfig: Setting CVar [[r.AmbientOcclusionMaxQuality:100]]
[2020.11.18-11.09.15:546][  0]LogConfig: Setting CVar [[r.AmbientOcclusionLevels:-1]]
[2020.11.18-11.09.15:546][  0]LogConfig: Setting CVar [[r.AmbientOcclusionRadiusScale:1.0]]
[2020.11.18-11.09.15:546][  0]LogConfig: Setting CVar [[r.DepthOfFieldQuality:2]]
[2020.11.18-11.09.15:546][  0]LogConfig: Setting CVar [[r.RenderTargetPoolMin:400]]
[2020.11.18-11.09.15:546][  0]LogConfig: Setting CVar [[r.LensFlareQuality:2]]
[2020.11.18-11.09.15:546][  0]LogConfig: Setting CVar [[r.SceneColorFringeQuality:1]]
[2020.11.18-11.09.15:546][  0]LogConfig: Setting CVar [[r.EyeAdaptationQuality:2]]
[2020.11.18-11.09.15:546][  0]LogConfig: Setting CVar [[r.BloomQuality:5]]
[2020.11.18-11.09.15:546][  0]LogConfig: Setting CVar [[r.FastBlurThreshold:100]]
[2020.11.18-11.09.15:546][  0]LogConfig: Setting CVar [[r.Upscale.Quality:3]]
[2020.11.18-11.09.15:546][  0]LogConfig: Setting CVar [[r.Tonemapper.GrainQuantization:1]]
[2020.11.18-11.09.15:546][  0]LogConfig: Setting CVar [[r.LightShaftQuality:1]]
[2020.11.18-11.09.15:546][  0]LogConfig: Setting CVar [[r.Filter.SizeScale:1]]
[2020.11.18-11.09.15:546][  0]LogConfig: Setting CVar [[r.Tonemapper.Quality:5]]
[2020.11.18-11.09.15:546][  0]LogConfig: Setting CVar [[r.DOF.Gather.AccumulatorQuality:1        ; higher gathering accumulator quality]]
[2020.11.18-11.09.15:546][  0]LogConfig: Setting CVar [[r.DOF.Gather.PostfilterMethod:1          ; Median3x3 postfilering method]]
[2020.11.18-11.09.15:546][  0]LogConfig: Setting CVar [[r.DOF.Gather.EnableBokehSettings:0       ; no bokeh simulation when gathering]]
[2020.11.18-11.09.15:546][  0]LogConfig: Setting CVar [[r.DOF.Gather.RingCount:4                 ; medium number of samples when gathering]]
[2020.11.18-11.09.15:546][  0]LogConfig: Setting CVar [[r.DOF.Scatter.ForegroundCompositing:1    ; additive foreground scattering]]
[2020.11.18-11.09.15:546][  0]LogConfig: Setting CVar [[r.DOF.Scatter.BackgroundCompositing:2    ; additive background scattering]]
[2020.11.18-11.09.15:546][  0]LogConfig: Setting CVar [[r.DOF.Scatter.EnableBokehSettings:1      ; bokeh simulation when scattering]]
[2020.11.18-11.09.15:546][  0]LogConfig: Setting CVar [[r.DOF.Scatter.MaxSpriteRatio:0.1         ; only a maximum of 10% of scattered bokeh]]
[2020.11.18-11.09.15:546][  0]LogConfig: Setting CVar [[r.DOF.Recombine.Quality:1                ; cheap slight out of focus]]
[2020.11.18-11.09.15:546][  0]LogConfig: Setting CVar [[r.DOF.Recombine.EnableBokehSettings:0    ; no bokeh simulation on slight out of focus]]
[2020.11.18-11.09.15:546][  0]LogConfig: Setting CVar [[r.DOF.TemporalAAQuality:1                ; more stable temporal accumulation]]
[2020.11.18-11.09.15:546][  0]LogConfig: Setting CVar [[r.DOF.Kernel.MaxForegroundRadius:0.025]]
[2020.11.18-11.09.15:547][  0]LogConfig: Setting CVar [[r.DOF.Kernel.MaxBackgroundRadius:0.025]]
[2020.11.18-11.09.15:547][  0]LogConfig: Applying CVar settings from Section [TextureQuality@3] File [G:/UE425Projects/MyActionRPG/ARPGGame/Saved/Config/Windows/Scalability.ini]
[2020.11.18-11.09.15:547][  0]LogConfig: Setting CVar [[r.Streaming.MipBias:0]]
[2020.11.18-11.09.15:547][  0]LogConfig: Setting CVar [[r.Streaming.AmortizeCPUToGPUCopy:0]]
[2020.11.18-11.09.15:547][  0]LogConfig: Setting CVar [[r.Streaming.MaxNumTexturesToStreamPerFrame:0]]
[2020.11.18-11.09.15:547][  0]LogConfig: Setting CVar [[r.Streaming.Boost:1]]
[2020.11.18-11.09.15:547][  0]LogConfig: Setting CVar [[r.MaxAnisotropy:8]]
[2020.11.18-11.09.15:547][  0]LogConfig: Setting CVar [[r.VT.MaxAnisotropy:8]]
[2020.11.18-11.09.15:547][  0]LogConfig: Setting CVar [[r.Streaming.LimitPoolSizeToVRAM:0]]
[2020.11.18-11.09.15:547][  0]LogConfig: Setting CVar [[r.Streaming.PoolSize:1000]]
[2020.11.18-11.09.15:547][  0]LogConfig: Setting CVar [[r.Streaming.MaxEffectiveScreenSize:0]]
[2020.11.18-11.09.15:547][  0]LogConfig: Applying CVar settings from Section [EffectsQuality@3] File [G:/UE425Projects/MyActionRPG/ARPGGame/Saved/Config/Windows/Scalability.ini]
[2020.11.18-11.09.15:547][  0]LogConfig: Setting CVar [[r.TranslucencyLightingVolumeDim:64]]
[2020.11.18-11.09.15:547][  0]LogConfig: Setting CVar [[r.RefractionQuality:2]]
[2020.11.18-11.09.15:547][  0]LogConfig: Setting CVar [[r.SSR.Quality:3]]
[2020.11.18-11.09.15:547][  0]LogConfig: Setting CVar [[r.SSR.HalfResSceneColor:0]]
[2020.11.18-11.09.15:547][  0]LogConfig: Setting CVar [[r.SceneColorFormat:4]]
[2020.11.18-11.09.15:547][  0]LogConfig: Setting CVar [[r.DetailMode:2]]
[2020.11.18-11.09.15:547][  0]LogConfig: Setting CVar [[r.TranslucencyVolumeBlur:1]]
[2020.11.18-11.09.15:547][  0]LogConfig: Setting CVar [[r.MaterialQualityLevel:1 ; High quality]]
[2020.11.18-11.09.15:547][  0]LogConfig: Setting CVar [[r.SSS.Scale:1]]
[2020.11.18-11.09.15:547][  0]LogConfig: Setting CVar [[r.SSS.SampleSet:2]]
[2020.11.18-11.09.15:547][  0]LogConfig: Setting CVar [[r.SSS.Quality:1]]
[2020.11.18-11.09.15:547][  0]LogConfig: Setting CVar [[r.SSS.HalfRes:0]]
[2020.11.18-11.09.15:547][  0]LogConfig: Setting CVar [[r.SSGI.Quality:3]]
[2020.11.18-11.09.15:547][  0]LogConfig: Setting CVar [[r.EmitterSpawnRateScale:1.0]]
[2020.11.18-11.09.15:547][  0]LogConfig: Setting CVar [[r.ParticleLightQuality:2]]
[2020.11.18-11.09.15:547][  0]LogConfig: Setting CVar [[r.SkyAtmosphere.AerialPerspectiveLUT.FastApplyOnOpaque:1 ; Always have FastSkyLUT 1 in this case to avoid wrong sky]]
[2020.11.18-11.09.15:548][  0]LogConfig: Setting CVar [[r.SkyAtmosphere.AerialPerspectiveLUT.SampleCountPerSlice:1]]
[2020.11.18-11.09.15:548][  0]LogConfig: Setting CVar [[r.SkyAtmosphere.AerialPerspectiveLUT.DepthResolution:16.0]]
[2020.11.18-11.09.15:548][  0]LogConfig: Setting CVar [[r.SkyAtmosphere.FastSkyLUT:1]]
[2020.11.18-11.09.15:548][  0]LogConfig: Setting CVar [[r.SkyAtmosphere.FastSkyLUT.SampleCountMin:4.0]]
[2020.11.18-11.09.15:548][  0]LogConfig: Setting CVar [[r.SkyAtmosphere.FastSkyLUT.SampleCountMax:32.0]]
[2020.11.18-11.09.15:548][  0]LogConfig: Setting CVar [[r.SkyAtmosphere.SampleCountMin:4.0]]
[2020.11.18-11.09.15:548][  0]LogConfig: Setting CVar [[r.SkyAtmosphere.SampleCountMax:32.0]]
[2020.11.18-11.09.15:548][  0]LogConfig: Setting CVar [[r.SkyAtmosphere.TransmittanceLUT.UseSmallFormat:0]]
[2020.11.18-11.09.15:548][  0]LogConfig: Setting CVar [[r.SkyAtmosphere.TransmittanceLUT.SampleCount:10.0]]
[2020.11.18-11.09.15:548][  0]LogConfig: Setting CVar [[r.SkyAtmosphere.MultiScatteringLUT.SampleCount:15.0]]
[2020.11.18-11.09.15:548][  0]LogConfig: Applying CVar settings from Section [FoliageQuality@3] File [G:/UE425Projects/MyActionRPG/ARPGGame/Saved/Config/Windows/Scalability.ini]
[2020.11.18-11.09.15:548][  0]LogConfig: Setting CVar [[foliage.DensityScale:1.0]]
[2020.11.18-11.09.15:548][  0]LogConfig: Setting CVar [[grass.DensityScale:1.0]]
[2020.11.18-11.09.15:548][  0]LogConfig: Applying CVar settings from Section [ShadingQuality@3] File [G:/UE425Projects/MyActionRPG/ARPGGame/Saved/Config/Windows/Scalability.ini]
[2020.11.18-11.09.15:548][  0]LogConfig: Setting CVar [[r.HairStrands.SkyLighting.SampleCount:16]]
[2020.11.18-11.09.15:548][  0]LogConfig: Setting CVar [[r.HairStrands.SkyLighting.JitterIntegration:0]]
[2020.11.18-11.09.15:548][  0]LogConfig: Setting CVar [[r.HairStrands.SkyAO.SampleCount:16]]
[2020.11.18-11.09.15:548][  0]LogConfig: Setting CVar [[r.HairStrands.DeepShadow.SuperSampling:0]]
[2020.11.18-11.09.15:548][  0]LogConfig: Setting CVar [[r.HairStrands.VisibilityPPLL:0]]
[2020.11.18-11.09.15:548][  0]LogConfig: Setting CVar [[r.HairStrands.RasterizationScale:0.5]]
[2020.11.18-11.09.15:548][  0]LogConfig: Setting CVar [[r.HairStrands.VelocityRasterizationScale:1]]
[2020.11.18-11.09.15:548][  0]LogConfig: Applying CVar settings from Section [Startup] File [../../../Engine/Config/ConsoleVariables.ini]
[2020.11.18-11.09.15:549][  0]LogConfig: Setting CVar [[net.UseAdaptiveNetUpdateFrequency:0]]
[2020.11.18-11.09.15:549][  0]LogConfig: Setting CVar [[p.chaos.AllowCreatePhysxBodies:1]]
[2020.11.18-11.09.15:549][  0]LogConfig: Setting CVar [[fx.SkipVectorVMBackendOptimizations:1]]
[2020.11.18-11.09.15:549][  0]LogConfig: Applying CVar settings from Section [ConsoleVariables] File [G:/UE425Projects/MyActionRPG/ARPGGame/Saved/Config/Windows/Engine.ini]
[2020.11.18-11.09.15:549][  0]LogInit: Computer: DESKTOP-CQMC0K2
[2020.11.18-11.09.15:549][  0]LogInit: User: 40976
[2020.11.18-11.09.15:549][  0]LogInit: CPU Page size=4096, Cores=10
[2020.11.18-11.09.15:549][  0]LogInit: High frequency timer resolution =10.000000 MHz
[2020.11.18-11.09.15:549][  0]LogMemory: Memory total: Physical=63.9GB (64GB approx)
[2020.11.18-11.09.15:549][  0]LogMemory: Platform Memory Stats for Windows
[2020.11.18-11.09.15:549][  0]LogMemory: Process Physical Memory: 121.51 MB used, 121.51 MB peak
[2020.11.18-11.09.15:549][  0]LogMemory: Process Virtual Memory: 113.08 MB used, 113.08 MB peak
[2020.11.18-11.09.15:549][  0]LogMemory: Physical Memory: 15084.11 MB used,  50339.04 MB free, 65423.15 MB total
[2020.11.18-11.09.15:549][  0]LogMemory: Virtual Memory: 5201.06 MB used,  134212528.00 MB free, 134217728.00 MB total
[2020.11.18-11.09.15:570][  0]LogWindows: WindowsPlatformFeatures enabled
[2020.11.18-11.09.15:702][  0]LogInit: Physics initialised using underlying interface: PhysX
[2020.11.18-11.09.15:703][  0]LogInit: Overriding language with editor language configuration option (en).
[2020.11.18-11.09.15:703][  0]LogInit: Overriding locale with editor culture configuration option ().
[2020.11.18-11.09.15:703][  0]LogInit: Using OS detected locale (zh-CN).
[2020.11.18-11.09.15:832][  0]LogInit: Setting process to per monitor DPI aware
[2020.11.18-11.09.15:872][  0]LogSlate: New Slate User Created.  User Index 0, Is Virtual User: 0
[2020.11.18-11.09.15:873][  0]LogSlate: Slate User Registered.  User Index 0, Is Virtual User: 0
[2020.11.18-11.09.15:974][  0]LogD3D11RHI: D3D11 min allowed feature level: 11_0
[2020.11.18-11.09.15:974][  0]LogD3D11RHI: D3D11 max allowed feature level: 11_0
[2020.11.18-11.09.15:974][  0]LogD3D11RHI: D3D11 adapters:
[2020.11.18-11.09.16:048][  0]LogD3D11RHI:    0. 'NVIDIA GeForce GTX 1070' (Feature Level 11_0)
[2020.11.18-11.09.16:048][  0]LogD3D11RHI:       8088/0/32711 MB DedicatedVideo/DedicatedSystem/SharedSystem, Outputs:2, VendorId:0x10de
[2020.11.18-11.09.16:055][  0]LogD3D11RHI:    1. 'Microsoft Basic Render Driver' (Feature Level 11_0)
[2020.11.18-11.09.16:055][  0]LogD3D11RHI:       0/0/32711 MB DedicatedVideo/DedicatedSystem/SharedSystem, Outputs:0, VendorId:0x1414
[2020.11.18-11.09.16:055][  0]LogD3D11RHI: Chosen D3D11 Adapter: 0
[2020.11.18-11.09.16:062][  0]LogD3D11RHI: Creating new Direct3DDevice
[2020.11.18-11.09.16:062][  0]LogD3D11RHI:     GPU DeviceId: 0x1b81 (for the marketing name, search the web for "GPU Device Id")
[2020.11.18-11.09.16:062][  0]LogWindows: EnumDisplayDevices:
[2020.11.18-11.09.16:062][  0]LogWindows:    0. 'NVIDIA GeForce GTX 1070' (P:0 D:1)
[2020.11.18-11.09.16:062][  0]LogWindows:    1. 'NVIDIA GeForce GTX 1070' (P:1 D:1)
[2020.11.18-11.09.16:063][  0]LogWindows:    2. 'NVIDIA GeForce GTX 1070' (P:0 D:0)
[2020.11.18-11.09.16:063][  0]LogWindows:    3. 'NVIDIA GeForce GTX 1070' (P:0 D:0)
[2020.11.18-11.09.16:063][  0]LogWindows: DebugString: FoundDriverCount:4 
[2020.11.18-11.09.16:063][  0]LogD3D11RHI:     Adapter Name: NVIDIA GeForce GTX 1070
[2020.11.18-11.09.16:063][  0]LogD3D11RHI:   Driver Version: 457.30 (internal:27.21.14.5730, unified:457.30)
[2020.11.18-11.09.16:063][  0]LogD3D11RHI:      Driver Date: 11-6-2020
[2020.11.18-11.09.16:063][  0]LogRHI: Texture pool is 5661 MB (70% of 8088 MB)
[2020.11.18-11.09.16:121][  0]LogD3D11RHI: RHI has support for 64 bit atomics
[2020.11.18-11.09.16:121][  0]LogD3D11RHI: Async texture creation enabled
[2020.11.18-11.09.16:121][  0]LogD3D11RHI: Array index from any shader is supported
[2020.11.18-11.09.16:144][  0]LogD3D11RHI: GPU Timing Frequency: 1000.000000 (Debug: 2 1)
[2020.11.18-11.09.16:329][  0]LogTargetPlatformManager: Display: Loaded TargetPlatform 'AllDesktop'
[2020.11.18-11.09.16:346][  0]LogTargetPlatformManager: Display: Loaded TargetPlatform 'Android'
[2020.11.18-11.09.16:346][  0]LogTargetPlatformManager: Display: Loaded TargetPlatform 'Android_ASTC'
[2020.11.18-11.09.16:346][  0]LogTargetPlatformManager: Display: Loaded TargetPlatform 'Android_DXT'
[2020.11.18-11.09.16:346][  0]LogTargetPlatformManager: Display: Loaded TargetPlatform 'Android_ETC2'
[2020.11.18-11.09.16:346][  0]LogTargetPlatformManager: Display: Loaded TargetPlatform 'AndroidClient'
[2020.11.18-11.09.16:346][  0]LogTargetPlatformManager: Display: Loaded TargetPlatform 'Android_ASTCClient'
[2020.11.18-11.09.16:346][  0]LogTargetPlatformManager: Display: Loaded TargetPlatform 'Android_DXTClient'
[2020.11.18-11.09.16:346][  0]LogTargetPlatformManager: Display: Loaded TargetPlatform 'Android_ETC2Client'
[2020.11.18-11.09.16:346][  0]LogTargetPlatformManager: Display: Loaded TargetPlatform 'Android_Multi'
[2020.11.18-11.09.16:346][  0]LogTargetPlatformManager: Display: Loaded TargetPlatform 'Android_MultiClient'
[2020.11.18-11.09.16:369][  0]LogTargetPlatformManager: Display: Loaded TargetPlatform 'IOSClient'
[2020.11.18-11.09.16:369][  0]LogTargetPlatformManager: Display: Loaded TargetPlatform 'IOS'
[2020.11.18-11.09.16:384][  0]LogTargetPlatformManager: Display: Loaded TargetPlatform 'Linux'
[2020.11.18-11.09.16:404][  0]LogTargetPlatformManager: Display: Loaded TargetPlatform 'LinuxNoEditor'
[2020.11.18-11.09.16:412][  0]LogTargetPlatformManager: Display: Loaded TargetPlatform 'LinuxClient'
[2020.11.18-11.09.16:423][  0]LogTargetPlatformManager: Display: Loaded TargetPlatform 'LinuxServer'
[2020.11.18-11.09.16:432][  0]LogTargetPlatformManager: Display: Loaded TargetPlatform 'LinuxAArch64NoEditor'
[2020.11.18-11.09.16:440][  0]LogTargetPlatformManager: Display: Loaded TargetPlatform 'LinuxAArch64Client'
[2020.11.18-11.09.16:448][  0]LogTargetPlatformManager: Display: Loaded TargetPlatform 'LinuxAArch64Server'
[2020.11.18-11.09.16:468][  0]LogTargetPlatformManager: Display: Loaded TargetPlatform 'Lumin'
[2020.11.18-11.09.16:468][  0]LogTargetPlatformManager: Display: Loaded TargetPlatform 'LuminClient'
[2020.11.18-11.09.16:481][  0]LogTargetPlatformManager: Display: Loaded TargetPlatform 'TVOSClient'
[2020.11.18-11.09.16:481][  0]LogTargetPlatformManager: Display: Loaded TargetPlatform 'TVOS'
[2020.11.18-11.09.16:489][  0]LogTargetPlatformManager: Display: Loaded TargetPlatform 'WindowsNoEditor'
[2020.11.18-11.09.16:504][  0]LogTargetPlatformManager: Display: Loaded TargetPlatform 'Windows'
[2020.11.18-11.09.16:512][  0]LogTargetPlatformManager: Display: Loaded TargetPlatform 'WindowsClient'
[2020.11.18-11.09.16:520][  0]LogTargetPlatformManager: Display: Loaded TargetPlatform 'WindowsServer'
[2020.11.18-11.09.16:520][  0]LogTargetPlatformManager: Display: Building Assets For Windows
[2020.11.18-11.09.16:529][  0]LogAudioDebug: Display: Lib vorbis DLL was dynamically loaded.
[2020.11.18-11.09.16:616][  0]LogShaderCompilers: Guid format shader working directory is -1 characters bigger than the processId version (../../../../UE425Projects/MyActionRPG/ARPGGame/Intermediate/Shaders/WorkingDirectory/19236/).
[2020.11.18-11.09.16:617][  0]LogShaderCompilers: Cleaned the shader compiler working directory 'C:/Users/40976/AppData/Local/Temp/UnrealShaderWorkingDir/1E08E65A458D72827C2F17A9260FD542/'.
[2020.11.18-11.09.16:617][  0]LogXGEController: Cleaning working directory: C:/Users/40976/AppData/Local/Temp/UnrealXGEWorkingDir/
[2020.11.18-11.09.16:617][  0]LogXGEController: Cannot use XGE Controller as Incredibuild is not installed on this machine.
[2020.11.18-11.09.16:617][  0]LogShaderCompilers: Cannot use XGE Shader Compiler as Incredibuild is not installed on this machine.
[2020.11.18-11.09.16:617][  0]LogShaderCompilers: Display: Using Local Shader Compiler.
[2020.11.18-11.09.17:178][  0]LogDerivedDataCache: Display: Max Cache Size: 512 MB
[2020.11.18-11.09.17:217][  0]LogDerivedDataCache: Loaded boot cache 0.04s 99MB C:/Users/40976/AppData/Local/UnrealEngine/4.25/DerivedDataCache/Boot.ddc.
[2020.11.18-11.09.17:217][  0]LogDerivedDataCache: Display: Loaded Boot cache: C:/Users/40976/AppData/Local/UnrealEngine/4.25/DerivedDataCache/Boot.ddc
[2020.11.18-11.09.17:217][  0]LogDerivedDataCache: FDerivedDataBackendGraph:  Pak pak cache file ../../../../UE425Projects/MyActionRPG/ARPGGame/DerivedDataCache/DDC.ddp not found, will not use a pak cache.
[2020.11.18-11.09.17:217][  0]LogDerivedDataCache: Unable to find inner node Pak for hierarchical cache Hierarchy.
[2020.11.18-11.09.17:217][  0]LogDerivedDataCache: FDerivedDataBackendGraph:  CompressedPak pak cache file ../../../../UE425Projects/MyActionRPG/ARPGGame/DerivedDataCache/Compressed.ddp not found, will not use a pak cache.
[2020.11.18-11.09.17:217][  0]LogDerivedDataCache: Unable to find inner node CompressedPak for hierarchical cache Hierarchy.
[2020.11.18-11.09.17:224][  0]LogDerivedDataCache: Display: Pak cache opened for reading ../../../Engine/DerivedDataCache/Compressed.ddp.
[2020.11.18-11.09.17:224][  0]LogDerivedDataCache: FDerivedDataBackendGraph:  EnterprisePak pak cache file ../../../Enterprise/DerivedDataCache/Compressed.ddp not found, will not use a pak cache.
[2020.11.18-11.09.17:224][  0]LogDerivedDataCache: Unable to find inner node EnterprisePak for hierarchical cache Hierarchy.
[2020.11.18-11.09.17:225][  0]LogDerivedDataCache: Using Local data cache path C:/Users/40976/AppData/Local/UnrealEngine/Common/DerivedDataCache: Writable
[2020.11.18-11.09.17:226][  0]LogDerivedDataCache: Shared data cache path not found in *engine.ini, will not use an Shared cache.
[2020.11.18-11.09.17:226][  0]LogDerivedDataCache: Unable to find inner node Shared for hierarchical cache Hierarchy.
[2020.11.18-11.09.17:262][  0]LogSlate: Using FreeType 2.10.0
[2020.11.18-11.09.17:262][  0]LogSlate: SlateFontServices - WITH_FREETYPE: 1, WITH_HARFBUZZ: 1
[2020.11.18-11.09.17:282][  0]LogAssetRegistry: FAssetRegistry took 0.0032 seconds to start up
[2020.11.18-11.09.17:584][  0]LogInit: Selected Device Profile: [Windows]
[2020.11.18-11.09.17:675][  0]LogMeshReduction: Using QuadricMeshReduction for automatic static mesh reduction
[2020.11.18-11.09.17:675][  0]LogMeshReduction: Using SimplygonMeshReduction for automatic skeletal mesh reduction
[2020.11.18-11.09.17:675][  0]LogMeshReduction: Using ProxyLODMeshReduction for automatic mesh merging
[2020.11.18-11.09.17:675][  0]LogMeshReduction: No distributed automatic mesh merging module available
[2020.11.18-11.09.17:675][  0]LogMeshMerging: No distributed automatic mesh merging module available
[2020.11.18-11.09.17:687][  0]LogNetVersion: ActionRPG 1.0.0, NetCL: 13144385, EngineNetVer: 14, GameNetVer: 0 (Checksum: 315464098)
[2020.11.18-11.09.17:983][  0]LogAISub: UAISubsystem::UAISubsystem AISubsystem (000001A034970740), frame # 0
[2020.11.18-11.09.17:983][  0]LogAISub: UAISubsystem::UAISubsystem AIPerceptionSystem (000001A0348C11C0), frame # 0
[2020.11.18-11.09.17:985][  0]LogAISub: UAISubsystem::UAISubsystem EnvQueryManager (000001A034928800), frame # 0
[2020.11.18-11.09.18:013][  0]LogPackageLocalizationCache: Processed 14 localized package path(s) for 1 prioritized culture(s) in 0.024790 seconds
[2020.11.18-11.09.18:018][  0]LogUObjectArray: 15596 objects as part of root set at end of initial load.
[2020.11.18-11.09.18:018][  0]LogUObjectAllocator: 3867792 out of 0 bytes used by permanent object pool.
[2020.11.18-11.09.18:018][  0]LogUObjectArray: CloseDisregardForGC: 0/0 objects in disregard for GC pool
[2020.11.18-11.09.18:356][  0]LogTcpMessaging: Initializing TcpMessaging bridge
[2020.11.18-11.09.18:360][  0]LogUdpMessaging: Initializing bridge on interface 0.0.0.0:0 to multicast group 230.0.0.1:6666.
[2020.11.18-11.09.18:378][  0]LogStats: UGameplayTagsManager::InitializeManager -  0.000 s
[2020.11.18-11.09.18:425][  0]LogTemp: Warning: Target System Plugin Loaded
[2020.11.18-11.09.18:460][  0]LogLinker: Warning: Failed to load '/Game/TwinStickBP/TwinStickOverview': Can't find file.
[2020.11.18-11.09.18:460][  0]LogLinker: Warning: Failed to load '/Game/TwinStickBP/TwinStickOverview': Can't find file.
[2020.11.18-11.09.18:460][  0]LogUObjectGlobals: Warning: Failed to find object 'Class /Game/TwinStickBP/TwinStickOverview.TwinStickOverview_C'
[2020.11.18-11.09.18:489][  0]SourceControl: Source control is disabled
[2020.11.18-11.09.18:489][  0]SourceControl: Source control is disabled
[2020.11.18-11.09.18:492][  0]SourceControl: Source control is disabled
[2020.11.18-11.09.18:506][  0]SourceControl: Source control is disabled
[2020.11.18-11.09.18:513][  0]SourceControl: Source control is disabled
[2020.11.18-11.09.18:698][  0]LogAndroidPermission: UAndroidPermissionCallbackProxy::GetInstance
[2020.11.18-11.09.18:796][  0]LogEngine: Initializing Engine...
[2020.11.18-11.09.18:860][  0]LogInit: Initializing FReadOnlyCVARCache
[2020.11.18-11.09.18:865][  0]LogAIModule: Creating AISystem for world Untitled
[2020.11.18-11.09.18:866][  0]LogAISub: UAISubsystem::UAISubsystem EnvQueryManager (000001A03E651800), frame # 0
[2020.11.18-11.09.18:866][  0]LogAISub: UAISubsystem::UAISubsystem AIPerceptionSystem (000001A03E61FB00), frame # 0
[2020.11.18-11.09.18:870][  0]LogAudioMixer: Display: Audio Mixer Platform Settings:
[2020.11.18-11.09.18:870][  0]LogAudioMixer: Display: 	Sample Rate:						  48000
[2020.11.18-11.09.18:870][  0]LogAudioMixer: Display: 	Callback Buffer Frame Size Requested: 1024
[2020.11.18-11.09.18:870][  0]LogAudioMixer: Display: 	Callback Buffer Frame Size To Use:	  1024
[2020.11.18-11.09.18:870][  0]LogAudioMixer: Display: 	Number of buffers to queue:			  1
[2020.11.18-11.09.18:870][  0]LogAudioMixer: Display: 	Max Channels (voices):				  0
[2020.11.18-11.09.18:870][  0]LogAudioMixer: Display: 	Number of Async Source Workers:		  4
[2020.11.18-11.09.18:870][  0]LogAudio: Display: AudioDevice MaxSources: 32
[2020.11.18-11.09.18:870][  0]LogAudio: Display: Using built-in audio occlusion.
[2020.11.18-11.09.18:870][  0]LogAudioMixer: Display: Initializing audio mixer.
[2020.11.18-11.09.18:880][  0]LogAudioMixer: Display: 0: FrontLeft
[2020.11.18-11.09.18:880][  0]LogAudioMixer: Display: 1: FrontRight
[2020.11.18-11.09.18:916][  0]LogAudioMixer: Display: Using Audio Device 扬声器 (Realtek High Definition Audio)
[2020.11.18-11.09.18:916][  0]LogAudioMixer: Display: Initializing Sound Submixes...
[2020.11.18-11.09.18:917][  0]LogAudioMixer: Display: Creating Master Submix 'MasterSubmixDefault'
[2020.11.18-11.09.18:917][  0]LogAudioMixer: Display: Creating Master Submix 'MasterReverbSubmixDefault'
[2020.11.18-11.09.18:918][  0]LogAudioMixer: Display: Creating Master Submix 'MasterEQSubmixDefault'
[2020.11.18-11.09.18:919][  0]LogInit: FAudioDevice initialized.
[2020.11.18-11.09.18:919][  0]LogNetVersion: Set ProjectVersion to 1.3.0. Version Checksum will be recalculated on next use.
[2020.11.18-11.09.18:954][  0]LogDerivedDataCache: Saved boot cache 0.03s 48MB C:/Users/40976/AppData/Local/UnrealEngine/4.25/DerivedDataCache/Boot.ddc.
[2020.11.18-11.09.18:958][  0]LogInit: Texture streaming: Enabled
[2020.11.18-11.09.18:989][  0]LogEngineSessionManager: EngineSessionManager initialized
[2020.11.18-11.09.18:989][  0]LogEditorSessionSummary: Verbose: Initializing EditorSessionSummaryWriter for editor session tracking
[2020.11.18-11.09.18:990][  0]LogEditorSessionSummary: EditorSessionSummaryWriter initialized
[2020.11.18-11.09.19:038][  0]LogInit: Transaction tracking system initialized
[2020.11.18-11.09.19:059][  0]BlueprintLog: New page: Editor Load
[2020.11.18-11.09.19:187][  0]LocalizationService: Localization service is disabled
[2020.11.18-11.09.19:439][  0]LogCook: Display: Max memory allowance for cook 16384mb min free memory 0mb
[2020.11.18-11.09.19:440][  0]LogCook: Display: Mobile HDR setting 1
[2020.11.18-11.09.19:443][  0]LogStats: FGameplayAbilitiesEditorModule::GameplayTagTreeChanged -  0.000 s
[2020.11.18-11.09.19:564][  0]LogFileCache: Scanning file cache for directory 'G:/UE425Projects/MyActionRPG/ARPGGame/Content/' took 0.01s
[2020.11.18-11.09.19:564][  0]LogStats: UGameplayCueManager::InitializeEditorObjectLibrary -  0.002 s
[2020.11.18-11.09.19:584][  0]SourceControl: Source control is disabled
[2020.11.18-11.09.19:585][  0]LogUnrealEdMisc: Loading editor; pre map load, took 5.370
[2020.11.18-11.09.19:585][  0]Cmd: MAP LOAD FILE="../../../../UE425Projects/MyActionRPG/ARPGGame/Content/Maps/ActionRPG_P.umap" TEMPLATE=0 SHOWPROGRESS=1 FEATURELEVEL=3
[2020.11.18-11.09.19:585][  0]LightingResults: New page: Lighting Build
[2020.11.18-11.09.19:586][  0]LogWorld: UWorld::CleanupWorld for Untitled, bSessionEnded=true, bCleanupResources=true
[2020.11.18-11.09.19:586][  0]LogSlate: InvalidateAllWidgets triggered.  All widgets were invalidated
[2020.11.18-11.09.19:586][  0]MapCheck: New page: Map Check
[2020.11.18-11.09.19:586][  0]LightingResults: New page: Lighting Build
[2020.11.18-11.09.19:607][  0]LogAISub: UAISubsystem::~UAISubsystem EnvQueryManager (000001A03E651800), frame # 0
[2020.11.18-11.09.19:607][  0]LogAISub: UAISubsystem::~UAISubsystem AIPerceptionSystem (000001A03E61FB00), frame # 0
[2020.11.18-11.09.19:608][  0]LogUObjectHash: Compacting FUObjectHashTables data took   0.54ms
[2020.11.18-11.09.20:724][  0]LogSlate: InvalidateAllWidgets triggered.  All widgets were invalidated
[2020.11.18-11.09.20:821][  0]LogAIModule: Creating AISystem for world ActionRPG_P
[2020.11.18-11.09.20:822][  0]LogAISub: UAISubsystem::UAISubsystem EnvQueryManager (000001A04D6EBE00), frame # 0
[2020.11.18-11.09.20:822][  0]LogAISub: UAISubsystem::UAISubsystem AIPerceptionSystem (000001A041FA6700), frame # 0
[2020.11.18-11.09.20:833][  0]LogStreaming: Display: ULevelStreaming::RequestLevel(/Game/Maps/ActionRPG_Dungeon02_Lights) is flushing async loading
[2020.11.18-11.09.20:834][  0]LogStreaming: Display: Flushing async loaders.
[2020.11.18-11.09.20:843][  0]LogStreaming: Display: ULevelStreaming::RequestLevel(/Game/Maps/ActionRPG_Dungeon02_Asset) is flushing async loading
[2020.11.18-11.09.21:010][  0]LogEditorServer: Finished looking for orphan Actors (0.000 secs)
[2020.11.18-11.09.21:012][  0]LogNavigationDataBuild: Display:    Building NavData:  Name Default class /Script/NavigationSystem.RecastNavMesh agent radius 35.0.
[2020.11.18-11.09.21:042][  0]LogUObjectHash: Compacting FUObjectHashTables data took   1.92ms
[2020.11.18-11.09.21:043][  0]Cmd: MAP CHECKDEP NOCLEARLOG
[2020.11.18-11.09.21:043][  0]MapCheck: Map check complete: 0 Error(s), 0 Warning(s), took 0.125ms to complete.
[2020.11.18-11.09.21:043][  0]LogFileHelpers: Loading map 'ActionRPG_P' took 1.458
[2020.11.18-11.09.21:046][  0]LogUnrealEdMisc: Total Editor Startup Time, took 6.831
[2020.11.18-11.09.21:176][  0]LogSlate: Updating window title bar state: overlay mode, drag disabled, window buttons hidden, title bar hidden
[2020.11.18-11.09.21:184][  0]LogSlate: Updating window title bar state: overlay mode, drag disabled, window buttons hidden, title bar hidden
[2020.11.18-11.09.21:192][  0]LogSlate: Updating window title bar state: overlay mode, drag disabled, window buttons hidden, title bar hidden
[2020.11.18-11.09.21:197][  0]LogSlate: Updating window title bar state: overlay mode, drag disabled, window buttons hidden, title bar hidden
[2020.11.18-11.09.21:216][  0]LogCollectionManager: Loaded 0 collections in 0.000981 seconds
[2020.11.18-11.09.21:227][  0]LogFileCache: Scanning file cache for directory 'G:/UE425Projects/MyActionRPG/ARPGGame/Saved/Collections/' took 0.00s
[2020.11.18-11.09.21:227][  0]LogFileCache: Scanning file cache for directory 'G:/UE425Projects/MyActionRPG/ARPGGame/Content/Developers/40976/Collections/' took 0.00s
[2020.11.18-11.09.21:227][  0]LogFileCache: Scanning file cache for directory 'G:/UE425Projects/MyActionRPG/ARPGGame/Content/Collections/' took 0.00s
[2020.11.18-11.09.21:227][  0]LogContentBrowser: Native class hierarchy populated in 0.0070 seconds. Added 3364 classes and 707 folders.
[2020.11.18-11.09.21:229][  0]LogContentBrowser: Native class hierarchy updated for 'WidgetCarousel' in 0.0003 seconds. Added 0 classes and 0 folders.
[2020.11.18-11.09.21:257][  0]LogContentBrowser: Native class hierarchy updated for 'AddContentDialog' in 0.0003 seconds. Added 0 classes and 0 folders.
[2020.11.18-11.09.21:264][  0]LogContentBrowser: Native class hierarchy updated for 'SceneOutliner' in 0.0003 seconds. Added 2 classes and 3 folders.
[2020.11.18-11.09.21:365][  0]LogSlate: Took 0.000118 seconds to synchronously load lazily loaded font '../../../Engine/Content/Slate/Fonts/Roboto-Regular.ttf' (155K)
[2020.11.18-11.09.21:367][  0]LogSlate: Took 0.000136 seconds to synchronously load lazily loaded font '../../../Engine/Content/Slate/Fonts/Roboto-Bold.ttf' (160K)
[2020.11.18-11.09.21:370][  0]LogSlate: Took 0.000085 seconds to synchronously load lazily loaded font '../../../Engine/Content/Editor/Slate/Fonts/FontAwesome.ttf' (139K)
[2020.11.18-11.09.21:432][  0]LogRenderer: Reallocating scene render targets to support 1208x572 Format 10 NumSamples 1 (Frame:1).
[2020.11.18-11.09.21:518][  0]LogContentBrowser: Native class hierarchy updated for 'HierarchicalLODOutliner' in 0.0003 seconds. Added 0 classes and 0 folders.
[2020.11.18-11.09.21:518][  0]LogLoad: (Engine Initialization) Total time: 7.30 seconds
[2020.11.18-11.09.21:518][  0]LogLoad: (Engine Initialization) Total Blueprint compile time: 0.00 seconds
[2020.11.18-11.09.21:553][  0]LogAssetRegistry: Asset discovery search completed in 4.2721 seconds
[2020.11.18-11.09.21:555][  0]LogStats: UGameplayCueManager::InitializeEditorObjectLibrary -  0.002 s
[2020.11.18-11.09.21:562][  0]LogCollectionManager: Fixed up redirectors for 0 collections in 0.000002 seconds (updated 0 objects)
[2020.11.18-11.09.21:563][  0]LogContentStreaming: Texture pool size now 1000 MB
[2020.11.18-11.09.21:599][  0]LogSlate: Took 0.000119 seconds to synchronously load lazily loaded font '../../../Engine/Content/Slate/Fonts/Roboto-Light.ttf' (167K)
[2020.11.18-11.09.21:643][  0]LogSlate: Took 0.000088 seconds to synchronously load lazily loaded font '../../../Engine/Content/Slate/Fonts/Roboto-Light.ttf' (167K)
[2020.11.18-11.10.15:666][453]LogSlate: Window 'Plugins' being destroyed
[2020.11.18-11.10.15:669][453]LogSlate: Window 'Plugins' being destroyed
[2020.11.18-11.10.15:669][453]LogDirectoryWatcher: A directory notification for '../../../Engine/Plugins/' was aborted.
[2020.11.18-11.10.15:670][453]LogDirectoryWatcher: A directory notification for '../../../../UE425Projects/MyActionRPG/ARPGGame/Plugins/' was aborted.
[2020.11.18-11.10.23:995][ 55]LogEditorViewport: Clicking on Actor (LMB): StaticMeshActor (SM_Ice_Fort_Brazier_1_Glow8)
[2020.11.18-11.10.29:846][740]LogTemp: Repeating last play command: Selected Viewport
[2020.11.18-11.10.29:855][740]LogPlayLevel: PlayLevel: No blueprints needed recompiling
[2020.11.18-11.10.29:855][740]PIE: New page: PIE session: ActionRPG_P (2020年11月19日 上午3:10:29)
[2020.11.18-11.10.29:857][740]LogOnline: OSS: Creating online subsystem instance for: NULL
[2020.11.18-11.10.29:878][740]LogOnline: OSS: TryLoadSubsystemAndSetDefault: Loaded subsystem for module [NULL]
[2020.11.18-11.10.29:878][740]LogPlayLevel: Creating play world package: /Game/Maps/UEDPIE_0_ActionRPG_P
[2020.11.18-11.10.29:882][740]LogPlayLevel: PIE: StaticDuplicateObject took: (0.003491s)
[2020.11.18-11.10.29:883][740]LogAIModule: Creating AISystem for world ActionRPG_P
[2020.11.18-11.10.29:883][740]LogAISub: UAISubsystem::UAISubsystem EnvQueryManager (000001A04DB16400), frame # 2740
[2020.11.18-11.10.29:883][740]LogAISub: UAISubsystem::UAISubsystem AIPerceptionSystem (000001A027515300), frame # 2740
[2020.11.18-11.10.29:883][740]LogPlayLevel: PIE: World Init took: (0.000994s)
[2020.11.18-11.10.29:883][740]LogPlayLevel: PIE: Created PIE world by copying editor world from /Game/Maps/ActionRPG_P.ActionRPG_P to /Game/Maps/UEDPIE_0_ActionRPG_P.ActionRPG_P (0.004755s)
[2020.11.18-11.10.29:907][740]LogUObjectHash: Compacting FUObjectHashTables data took   0.86ms
[2020.11.18-11.10.29:909][740]LogAudioMixer: Display: Audio Mixer Platform Settings:
[2020.11.18-11.10.29:909][740]LogAudioMixer: Display: 	Sample Rate:						  48000
[2020.11.18-11.10.29:909][740]LogAudioMixer: Display: 	Callback Buffer Frame Size Requested: 1024
[2020.11.18-11.10.29:909][740]LogAudioMixer: Display: 	Callback Buffer Frame Size To Use:	  1024
[2020.11.18-11.10.29:910][740]LogAudioMixer: Display: 	Number of buffers to queue:			  1
[2020.11.18-11.10.29:910][740]LogAudioMixer: Display: 	Max Channels (voices):				  0
[2020.11.18-11.10.29:910][740]LogAudioMixer: Display: 	Number of Async Source Workers:		  4
[2020.11.18-11.10.29:910][740]LogAudio: Display: AudioDevice MaxSources: 32
[2020.11.18-11.10.29:910][740]LogAudio: Display: Using built-in audio occlusion.
[2020.11.18-11.10.29:910][740]LogAudioMixer: Display: Initializing audio mixer.
[2020.11.18-11.10.29:913][740]LogAudioMixer: Display: 0: FrontLeft
[2020.11.18-11.10.29:913][740]LogAudioMixer: Display: 1: FrontRight
[2020.11.18-11.10.29:951][740]LogAudioMixer: Display: Using Audio Device 扬声器 (Realtek High Definition Audio)
[2020.11.18-11.10.29:952][740]LogAudioMixer: Display: Initializing Sound Submixes...
[2020.11.18-11.10.29:952][740]LogAudioMixer: Display: Creating Master Submix 'MasterSubmixDefault'
[2020.11.18-11.10.29:952][740]LogAudioMixer: Display: Creating Master Submix 'MasterReverbSubmixDefault'
[2020.11.18-11.10.29:952][740]LogAudioMixer: Display: Creating Master Submix 'MasterEQSubmixDefault'
[2020.11.18-11.10.29:960][740]LogInit: FAudioDevice initialized.
[2020.11.18-11.10.29:966][740]LogBlueprintUserMessages: [BP_GameInstance_C_0] Loaded Save Game
[2020.11.18-11.10.29:969][740]LogLoad: Game class is 'BP_GameMode_C'
[2020.11.18-11.10.30:045][740]LogStreaming: Display: Flushing async loaders.
[2020.11.18-11.10.30:187][740]LoadErrors: Warning: CreateExport: Failed to load Outer for resource 'MeshComp': Function /Game/Blueprints/AnimNotifies/ShieldNS.ShieldNS_C:Received_NotifyBegin
[2020.11.18-11.10.30:187][740]LoadErrors: Warning: CreateExport: Failed to load Outer for resource 'MeshComp': Function /Game/Blueprints/AnimNotifies/ShieldNS.ShieldNS_C:Received_NotifyEnd
[2020.11.18-11.10.30:187][740]LoadErrors: Warning: CreateExport: Failed to load Outer for resource 'K2Node_DynamicCast_bSuccess': Function /Game/Blueprints/AnimNotifies/ShieldNS.ShieldNS_C:Received_NotifyBegin
[2020.11.18-11.10.30:188][740]LoadErrors: Warning: CreateExport: Failed to load Outer for resource 'ReturnValue': Function /Game/Blueprints/AnimNotifies/ShieldNS.ShieldNS_C:Received_NotifyBegin
[2020.11.18-11.10.30:188][740]LoadErrors: Warning: CreateExport: Failed to load Outer for resource 'K2Node_DynamicCast_bSuccess': Function /Game/Blueprints/AnimNotifies/ShieldNS.ShieldNS_C:Received_NotifyEnd
[2020.11.18-11.10.30:188][740]LoadErrors: Warning: CreateExport: Failed to load Outer for resource 'ReturnValue': Function /Game/Blueprints/AnimNotifies/ShieldNS.ShieldNS_C:Received_NotifyEnd
[2020.11.18-11.10.30:188][740]LoadErrors: Warning: CreateExport: Failed to load Outer for resource 'TotalDuration': Function /Game/Blueprints/AnimNotifies/ShieldNS.ShieldNS_C:Received_NotifyBegin
[2020.11.18-11.10.30:188][740]LoadErrors: Warning: CreateExport: Failed to load Outer for resource 'Animation': Function /Game/Blueprints/AnimNotifies/ShieldNS.ShieldNS_C:Received_NotifyBegin
[2020.11.18-11.10.30:188][740]LoadErrors: Warning: CreateExport: Failed to load Outer for resource 'CallFunc_GetAbilitySystemComponent_ReturnValue': Function /Game/Blueprints/AnimNotifies/ShieldNS.ShieldNS_C:Received_NotifyBegin
[2020.11.18-11.10.30:188][740]LoadErrors: Warning: CreateExport: Failed to load Outer for resource 'CallFunc_GetOwner_ReturnValue': Function /Game/Blueprints/AnimNotifies/ShieldNS.ShieldNS_C:Received_NotifyBegin
[2020.11.18-11.10.30:188][740]LoadErrors: Warning: CreateExport: Failed to load Outer for resource 'K2Node_DynamicCast_AsBP_Character': Function /Game/Blueprints/AnimNotifies/ShieldNS.ShieldNS_C:Received_NotifyBegin
[2020.11.18-11.10.30:188][740]LoadErrors: Warning: CreateExport: Failed to load Outer for resource 'Animation': Function /Game/Blueprints/AnimNotifies/ShieldNS.ShieldNS_C:Received_NotifyEnd
[2020.11.18-11.10.30:188][740]LoadErrors: Warning: CreateExport: Failed to load Outer for resource 'CallFunc_GetAbilitySystemComponent_ReturnValue': Function /Game/Blueprints/AnimNotifies/ShieldNS.ShieldNS_C:Received_NotifyEnd
[2020.11.18-11.10.30:188][740]LoadErrors: Warning: CreateExport: Failed to load Outer for resource 'CallFunc_GetOwner_ReturnValue': Function /Game/Blueprints/AnimNotifies/ShieldNS.ShieldNS_C:Received_NotifyEnd
[2020.11.18-11.10.30:188][740]LoadErrors: Warning: CreateExport: Failed to load Outer for resource 'K2Node_DynamicCast_AsBP_Character': Function /Game/Blueprints/AnimNotifies/ShieldNS.ShieldNS_C:Received_NotifyEnd
[2020.11.18-11.10.30:188][740]LoadErrors: Warning: CreateExport: Failed to load Outer for resource 'CallFunc_BP_ApplyGameplayEffectToSelf_ReturnValue': Function /Game/Blueprints/AnimNotifies/ShieldNS.ShieldNS_C:Received_NotifyBegin
[2020.11.18-11.10.30:188][740]LoadErrors: Warning: CreateExport: Failed to load Outer for resource 'MeshComp': Function /Game/Blueprints/AnimNotifies/SlomoNS.SlomoNS_C:Received_NotifyBegin
[2020.11.18-11.10.30:188][740]LoadErrors: Warning: CreateExport: Failed to load Outer for resource 'MeshComp': Function /Game/Blueprints/AnimNotifies/SlomoNS.SlomoNS_C:Received_NotifyEnd
[2020.11.18-11.10.30:188][740]LoadErrors: Warning: CreateExport: Failed to load Outer for resource 'ReturnValue': Function /Game/Blueprints/AnimNotifies/SlomoNS.SlomoNS_C:Received_NotifyBegin
[2020.11.18-11.10.30:188][740]LoadErrors: Warning: CreateExport: Failed to load Outer for resource 'ReturnValue': Function /Game/Blueprints/AnimNotifies/SlomoNS.SlomoNS_C:Received_NotifyEnd
[2020.11.18-11.10.30:188][740]LoadErrors: Warning: CreateExport: Failed to load Outer for resource 'TotalDuration': Function /Game/Blueprints/AnimNotifies/SlomoNS.SlomoNS_C:Received_NotifyBegin
[2020.11.18-11.10.30:189][740]LoadErrors: Warning: CreateExport: Failed to load Outer for resource 'Animation': Function /Game/Blueprints/AnimNotifies/SlomoNS.SlomoNS_C:Received_NotifyBegin
[2020.11.18-11.10.30:189][740]LoadErrors: Warning: CreateExport: Failed to load Outer for resource 'CallFunc_GetPlayerCharacterBP_MyCharacter': Function /Game/Blueprints/AnimNotifies/SlomoNS.SlomoNS_C:Received_NotifyBegin
[2020.11.18-11.10.30:189][740]LoadErrors: Warning: CreateExport: Failed to load Outer for resource 'Animation': Function /Game/Blueprints/AnimNotifies/SlomoNS.SlomoNS_C:Received_NotifyEnd
[2020.11.18-11.10.30:189][740]LoadErrors: Warning: CreateExport: Failed to load Outer for resource 'CallFunc_GetPlayerCharacterBP_MyCharacter': Function /Game/Blueprints/AnimNotifies/SlomoNS.SlomoNS_C:Received_NotifyEnd
[2020.11.18-11.10.30:190][740]LogWorld: Bringing World /Game/Maps/UEDPIE_0_ActionRPG_P.ActionRPG_P up for play (max tick rate 0) at 2020.11.18-19.10.30
[2020.11.18-11.10.30:209][740]LogWorld: Bringing up level for play took: 0.018517
[2020.11.18-11.10.30:210][740]LogOnline: OSS: Creating online subsystem instance for: :Context_1
[2020.11.18-11.10.30:213][740]LogContentBrowser: Native class hierarchy updated for 'MovieSceneCapture' in 0.0003 seconds. Added 20 classes and 0 folders.
[2020.11.18-11.10.30:215][740]LogLevel: ActivateLevel /Game/Maps/UEDPIE_0_ActionRPG_Dungeon02_Asset 1 1 1
[2020.11.18-11.10.30:215][740]PIE: Server logged in
[2020.11.18-11.10.30:216][740]PIE: Play in editor total start time 0.362 seconds.
[2020.11.18-11.10.33:626][140]LogSlate: Updating window title bar state: overlay mode, drag disabled, window buttons hidden, title bar hidden
[2020.11.18-11.10.33:626][140]LogWorld: BeginTearingDown for /Game/Maps/UEDPIE_0_ActionRPG_P
[2020.11.18-11.10.33:628][140]LogWorld: UWorld::CleanupWorld for ActionRPG_P, bSessionEnded=true, bCleanupResources=true
[2020.11.18-11.10.33:628][140]LogSlate: InvalidateAllWidgets triggered.  All widgets were invalidated
[2020.11.18-11.10.33:639][140]LogPlayLevel: Display: Shutting down PIE online subsystems
[2020.11.18-11.10.33:641][140]LogSlate: InvalidateAllWidgets triggered.  All widgets were invalidated
[2020.11.18-11.10.33:653][140]LogSlate: Updating window title bar state: overlay mode, drag disabled, window buttons hidden, title bar hidden
[2020.11.18-11.10.33:671][140]LogAISub: UAISubsystem::~UAISubsystem AIPerceptionSystem (000001A027515300), frame # 3140
[2020.11.18-11.10.33:671][140]LogAISub: UAISubsystem::~UAISubsystem EnvQueryManager (000001A04DB16400), frame # 3140
[2020.11.18-11.10.33:673][140]LogUObjectHash: Compacting FUObjectHashTables data took   1.14ms
[2020.11.18-11.10.33:712][141]LogUObjectHash: Compacting FUObjectHashTables data took   0.77ms
[2020.11.18-11.10.33:734][142]LogPlayLevel: Display: Destroying online subsystem :Context_1
[2020.11.18-11.37.00:609][352]LogTemp: Repeating last play command: Selected Viewport
[2020.11.18-11.37.00:618][352]LogPlayLevel: PlayLevel: No blueprints needed recompiling
[2020.11.18-11.37.00:618][352]PIE: New page: PIE session: ActionRPG_P (2020年11月19日 上午3:37:00)
[2020.11.18-11.37.00:618][352]LogPlayLevel: Creating play world package: /Game/Maps/UEDPIE_0_ActionRPG_P
[2020.11.18-11.37.00:622][352]LogPlayLevel: PIE: StaticDuplicateObject took: (0.003766s)
[2020.11.18-11.37.00:623][352]LogAIModule: Creating AISystem for world ActionRPG_P
[2020.11.18-11.37.00:623][352]LogAISub: UAISubsystem::UAISubsystem EnvQueryManager (000001A05B60A600), frame # 10352
[2020.11.18-11.37.00:623][352]LogAISub: UAISubsystem::UAISubsystem AIPerceptionSystem (000001A04DA30180), frame # 10352
[2020.11.18-11.37.00:623][352]LogPlayLevel: PIE: World Init took: (0.001069s)
[2020.11.18-11.37.00:623][352]LogPlayLevel: PIE: Created PIE world by copying editor world from /Game/Maps/ActionRPG_P.ActionRPG_P to /Game/Maps/UEDPIE_0_ActionRPG_P.ActionRPG_P (0.005112s)
[2020.11.18-11.37.00:635][352]LogUObjectHash: Compacting FUObjectHashTables data took   0.89ms
[2020.11.18-11.37.00:637][352]LogAudioMixer: Display: Audio Mixer Platform Settings:
[2020.11.18-11.37.00:637][352]LogAudioMixer: Display: 	Sample Rate:						  48000
[2020.11.18-11.37.00:637][352]LogAudioMixer: Display: 	Callback Buffer Frame Size Requested: 1024
[2020.11.18-11.37.00:637][352]LogAudioMixer: Display: 	Callback Buffer Frame Size To Use:	  1024
[2020.11.18-11.37.00:637][352]LogAudioMixer: Display: 	Number of buffers to queue:			  1
[2020.11.18-11.37.00:637][352]LogAudioMixer: Display: 	Max Channels (voices):				  0
[2020.11.18-11.37.00:637][352]LogAudioMixer: Display: 	Number of Async Source Workers:		  4
[2020.11.18-11.37.00:637][352]LogAudio: Display: AudioDevice MaxSources: 32
[2020.11.18-11.37.00:638][352]LogAudio: Display: Using built-in audio occlusion.
[2020.11.18-11.37.00:638][352]LogAudioMixer: Display: Initializing audio mixer.
[2020.11.18-11.37.00:640][352]LogAudioMixer: Display: 0: FrontLeft
[2020.11.18-11.37.00:641][352]LogAudioMixer: Display: 1: FrontRight
[2020.11.18-11.37.00:659][352]LogAudioMixer: Display: Using Audio Device 扬声器 (Realtek High Definition Audio)
[2020.11.18-11.37.00:659][352]LogAudioMixer: Display: Initializing Sound Submixes...
[2020.11.18-11.37.00:659][352]LogAudioMixer: Display: Creating Master Submix 'MasterSubmixDefault'
[2020.11.18-11.37.00:659][352]LogAudioMixer: Display: Creating Master Submix 'MasterReverbSubmixDefault'
[2020.11.18-11.37.00:660][352]LogAudioMixer: Display: Creating Master Submix 'MasterEQSubmixDefault'
[2020.11.18-11.37.00:664][352]LogInit: FAudioDevice initialized.
[2020.11.18-11.37.00:673][352]LogBlueprintUserMessages: [BP_GameInstance_C_1] Loaded Save Game
[2020.11.18-11.37.00:676][352]LogLoad: Game class is 'BP_GameMode_C'
[2020.11.18-11.37.00:747][352]LogWorld: Bringing World /Game/Maps/UEDPIE_0_ActionRPG_P.ActionRPG_P up for play (max tick rate 0) at 2020.11.18-19.37.00
[2020.11.18-11.37.00:747][352]LogWorld: Bringing up level for play took: 0.001123
[2020.11.18-11.37.00:748][352]LogOnline: OSS: Creating online subsystem instance for: :Context_2
[2020.11.18-11.37.00:752][352]LogLevel: ActivateLevel /Game/Maps/UEDPIE_0_ActionRPG_Dungeon02_Asset 1 1 1
[2020.11.18-11.37.00:752][352]PIE: Server logged in
[2020.11.18-11.37.00:753][352]PIE: Play in editor total start time 0.136 seconds.
[2020.11.18-11.37.07:065][102]LogSlate: Updating window title bar state: overlay mode, drag disabled, window buttons hidden, title bar hidden
[2020.11.18-11.37.07:066][102]LogWorld: BeginTearingDown for /Game/Maps/UEDPIE_0_ActionRPG_P
[2020.11.18-11.37.07:067][102]LogWorld: UWorld::CleanupWorld for ActionRPG_P, bSessionEnded=true, bCleanupResources=true
[2020.11.18-11.37.07:067][102]LogSlate: InvalidateAllWidgets triggered.  All widgets were invalidated
[2020.11.18-11.37.07:077][102]LogPlayLevel: Display: Shutting down PIE online subsystems
[2020.11.18-11.37.07:079][102]LogSlate: InvalidateAllWidgets triggered.  All widgets were invalidated
[2020.11.18-11.37.07:090][102]LogSlate: Updating window title bar state: overlay mode, drag disabled, window buttons hidden, title bar hidden
[2020.11.18-11.37.07:109][102]LogAISub: UAISubsystem::~UAISubsystem AIPerceptionSystem (000001A04DA30180), frame # 11102
[2020.11.18-11.37.07:109][102]LogAISub: UAISubsystem::~UAISubsystem EnvQueryManager (000001A05B60A600), frame # 11102
[2020.11.18-11.37.07:111][102]LogUObjectHash: Compacting FUObjectHashTables data took   0.88ms
[2020.11.18-11.37.07:136][103]LogPlayLevel: Display: Destroying online subsystem :Context_2
[2020.11.18-11.37.07:147][103]LogUObjectHash: Compacting FUObjectHashTables data took   0.78ms
[2020.11.18-11.37.53:495][573]LogAssetEditorSubsystem: Opening Asset editor for Blueprint /Game/Blueprints/BP_EnemyCharacter.BP_EnemyCharacter
[2020.11.18-11.37.53:665][573]LogContentBrowser: Native class hierarchy updated for 'BlueprintGraph' in 0.0005 seconds. Added 125 classes and 0 folders.
[2020.11.18-11.37.54:372][573]LogSlate: Took 0.000117 seconds to synchronously load lazily loaded font '../../../Engine/Content/Slate/Fonts/Roboto-BoldCondensed.ttf' (158K)
[2020.11.18-11.37.54:446][574]LogSlate: Took 0.004863 seconds to synchronously load lazily loaded font '../../../Engine/Content/Slate/Fonts/Roboto-Italic.ttf' (157K)
[2020.11.18-11.37.55:850][695]LogSlate: Window 'BP_EnemyCharacter' being destroyed
[2020.11.18-11.37.55:853][695]LogSlate: Window 'BP_EnemyCharacter' being destroyed
[2020.11.18-11.37.55:895][695]LogWorld: UWorld::CleanupWorld for World_2, bSessionEnded=true, bCleanupResources=true
[2020.11.18-11.37.55:895][695]LogSlate: InvalidateAllWidgets triggered.  All widgets were invalidated
[2020.11.18-11.37.57:128][828]LogAssetEditorSubsystem: Opening Asset editor for Blueprint /Game/Blueprints/BP_Character.BP_Character
